<?xml version="1.0" encoding="UTF-8"?>
<testsuite xmlns:xsi="http://www.w3.org/2001/XMLSchema-instance" xsi:noNamespaceSchemaLocation="https://maven.apache.org/surefire/maven-surefire-plugin/xsd/surefire-test-report-3.0.xsd" version="3.0" name="sg.nus.iss.java.AccessControlTests" time="8.221" tests="5" errors="2" skipped="0" failures="0">
  <properties>
[...]
</properties>
  <testcase name="testManagerCanAccessManagerPath" classname="sg.nus.iss.java.AccessControlTests" time="0.473">
    <error message="Request processing failed: java.lang.ClassCastException: class sg.nus.iss.java.model.User cannot be cast to class sg.nus.iss.java.model.Employee (sg.nus.iss.java.model.User and sg.nus.iss.java.model.Employee are in unnamed module of loader &apos;app&apos;)" type="jakarta.servlet.ServletException"><![CDATA[jakarta.servlet.ServletException: Request processing failed: java.lang.ClassCastException: class sg.nus.iss.java.model.User cannot be cast to class sg.nus.iss.java.model.Employee (sg.nus.iss.java.model.User and sg.nus.iss.java.model.Employee are in unnamed module of loader 'app')
	at org.springframework.web.servlet.FrameworkServlet.processRequest(FrameworkServlet.java:1022)
	at org.springframework.web.servlet.FrameworkServlet.doGet(FrameworkServlet.java:903)
	at jakarta.servlet.http.HttpServlet.service(HttpServlet.java:564)
	at org.springframework.web.servlet.FrameworkServlet.service(FrameworkServlet.java:885)
	at org.springframework.test.web.servlet.TestDispatcherServlet.service(TestDispatcherServlet.java:72)
	at jakarta.servlet.http.HttpServlet.service(HttpServlet.java:658)
	at org.springframework.mock.web.MockFilterChain$ServletFilterProxy.doFilter(MockFilterChain.java:165)
	at org.springframework.mock.web.MockFilterChain.doFilter(MockFilterChain.java:132)
	at org.springframework.web.filter.RequestContextFilter.doFilterInternal(RequestContextFilter.java:100)
	at org.springframework.web.filter.OncePerRequestFilter.doFilter(OncePerRequestFilter.java:116)
	at org.springframework.test.web.servlet.setup.MockMvcFilterDecorator.doFilter(MockMvcFilterDecorator.java:151)
	at org.springframework.mock.web.MockFilterChain.doFilter(MockFilterChain.java:132)
	at org.springframework.web.filter.FormContentFilter.doFilterInternal(FormContentFilter.java:93)
	at org.springframework.web.filter.OncePerRequestFilter.doFilter(OncePerRequestFilter.java:116)
	at org.springframework.test.web.servlet.setup.MockMvcFilterDecorator.doFilter(MockMvcFilterDecorator.java:151)
	at org.springframework.mock.web.MockFilterChain.doFilter(MockFilterChain.java:132)
	at org.springframework.web.filter.CharacterEncodingFilter.doFilterInternal(CharacterEncodingFilter.java:201)
	at org.springframework.web.filter.OncePerRequestFilter.doFilter(OncePerRequestFilter.java:116)
	at org.springframework.test.web.servlet.setup.MockMvcFilterDecorator.doFilter(MockMvcFilterDecorator.java:151)
	at org.springframework.mock.web.MockFilterChain.doFilter(MockFilterChain.java:132)
	at org.springframework.test.web.servlet.MockMvc.perform(MockMvc.java:201)
	at sg.nus.iss.java.AccessControlTests.testManagerCanAccessManagerPath(AccessControlTests.java:70)
	at java.base/java.lang.reflect.Method.invoke(Method.java:580)
	at java.base/java.util.ArrayList.forEach(ArrayList.java:1597)
	at java.base/java.util.ArrayList.forEach(ArrayList.java:1597)
Caused by: java.lang.ClassCastException: class sg.nus.iss.java.model.User cannot be cast to class sg.nus.iss.java.model.Employee (sg.nus.iss.java.model.User and sg.nus.iss.java.model.Employee are in unnamed module of loader 'app')
	at sg.nus.iss.java.controller.CompensationController.viewLeaves(CompensationController.java:58)
	at java.base/jdk.internal.reflect.DirectMethodHandleAccessor.invoke(DirectMethodHandleAccessor.java:103)
	at java.base/java.lang.reflect.Method.invoke(Method.java:580)
	at org.springframework.web.method.support.InvocableHandlerMethod.doInvoke(InvocableHandlerMethod.java:254)
	at org.springframework.web.method.support.InvocableHandlerMethod.invokeForRequest(InvocableHandlerMethod.java:182)
	at org.springframework.web.servlet.mvc.method.annotation.ServletInvocableHandlerMethod.invokeAndHandle(ServletInvocableHandlerMethod.java:118)
	at org.springframework.web.servlet.mvc.method.annotation.RequestMappingHandlerAdapter.invokeHandlerMethod(RequestMappingHandlerAdapter.java:917)
	at org.springframework.web.servlet.mvc.method.annotation.RequestMappingHandlerAdapter.handleInternal(RequestMappingHandlerAdapter.java:829)
	at org.springframework.web.servlet.mvc.method.AbstractHandlerMethodAdapter.handle(AbstractHandlerMethodAdapter.java:87)
	at org.springframework.web.servlet.DispatcherServlet.doDispatch(DispatcherServlet.java:1089)
	at org.springframework.web.servlet.DispatcherServlet.doService(DispatcherServlet.java:979)
	at org.springframework.web.servlet.FrameworkServlet.processRequest(FrameworkServlet.java:1014)
	... 24 more
]]></error>
    <system-out><![CDATA[22:26:22.524 [main] INFO org.springframework.test.context.support.AnnotationConfigContextLoaderUtils -- Could not detect default configuration classes for test class [sg.nus.iss.java.AccessControlTests]: AccessControlTests does not declare any static, non-private, non-final, nested classes annotated with @Configuration.
22:26:22.624 [main] INFO org.springframework.boot.test.context.SpringBootTestContextBootstrapper -- Found @SpringBootConfiguration sg.nus.iss.java.Application for test class sg.nus.iss.java.AccessControlTests
22:26:22.780 [main] INFO org.springframework.boot.devtools.restart.RestartApplicationListener -- Restart disabled due to context in which it is running

  .   ____          _            __ _ _
 /\\ / ___'_ __ _ _(_)_ __  __ _ \ \ \ \
( ( )\___ | '_ | '_| | '_ \/ _` | \ \ \ \
 \\/  ___)| |_)| | | | | || (_| |  ) ) ) )
  '  |____| .__|_| |_|_| |_\__, | / / / /
 =========|_|==============|___/=/_/_/_/
 :: Spring Boot ::                (v3.2.0)

2024-06-21T22:26:23.103+08:00  INFO 17752 --- [           main] sg.nus.iss.java.AccessControlTests       : Starting AccessControlTests using Java 22.0.1 with PID 17752 (started by lmy in C:\Users\lmy\Desktop\LAPS-new\LAPS-new)
2024-06-21T22:26:23.104+08:00  INFO 17752 --- [           main] sg.nus.iss.java.AccessControlTests       : No active profile set, falling back to 1 default profile: "default"
2024-06-21T22:26:24.043+08:00  INFO 17752 --- [           main] .s.d.r.c.RepositoryConfigurationDelegate : Bootstrapping Spring Data JPA repositories in DEFAULT mode.
2024-06-21T22:26:24.115+08:00  INFO 17752 --- [           main] .s.d.r.c.RepositoryConfigurationDelegate : Finished Spring Data repository scanning in 66 ms. Found 10 JPA repository interfaces.
2024-06-21T22:26:24.949+08:00  INFO 17752 --- [           main] o.hibernate.jpa.internal.util.LogHelper  : HHH000204: Processing PersistenceUnitInfo [name: default]
2024-06-21T22:26:25.076+08:00  INFO 17752 --- [           main] org.hibernate.Version                    : HHH000412: Hibernate ORM core version 6.3.1.Final
2024-06-21T22:26:25.102+08:00  INFO 17752 --- [           main] o.h.c.internal.RegionFactoryInitiator    : HHH000026: Second-level cache disabled
2024-06-21T22:26:25.351+08:00  INFO 17752 --- [           main] o.s.o.j.p.SpringPersistenceUnitInfo      : No LoadTimeWeaver setup: ignoring JPA class transformer
2024-06-21T22:26:25.368+08:00  INFO 17752 --- [           main] com.zaxxer.hikari.HikariDataSource       : HikariPool-1 - Starting...
2024-06-21T22:26:25.500+08:00  INFO 17752 --- [           main] com.zaxxer.hikari.pool.HikariPool        : HikariPool-1 - Added connection conn0: url=jdbc:h2:mem:lpaworkshop user=SA
2024-06-21T22:26:25.502+08:00  INFO 17752 --- [           main] com.zaxxer.hikari.HikariDataSource       : HikariPool-1 - Start completed.
2024-06-21T22:26:25.520+08:00  WARN 17752 --- [           main] org.hibernate.orm.deprecation            : HHH90000025: H2Dialect does not need to be specified explicitly using 'hibernate.dialect' (remove the property setting and it will be selected by default)
2024-06-21T22:26:26.313+08:00  INFO 17752 --- [           main] o.h.e.t.j.p.i.JtaPlatformInitiator       : HHH000489: No JTA platform available (set 'hibernate.transaction.jta.platform' to enable JTA platform integration)
Hibernate: drop table if exists compensation_claim cascade 
Hibernate: drop table if exists compensation_ledger cascade 
Hibernate: drop table if exists compensation_ledger_compensation_leave cascade 
Hibernate: drop table if exists leave cascade 
Hibernate: drop table if exists leave_quota cascade 
Hibernate: drop table if exists public_holiday cascade 
Hibernate: drop table if exists users cascade 
Hibernate: create table compensation_claim (compensation_ledger_id integer, date date, employee_id integer, end_time time(6), hours float(53) not null, id integer generated by default as identity, start_time time(6), remarks varchar(255), status varchar(255) check (status in ('Applied','Updated','Deleted','Approved','Rejected','Canceled')), primary key (id))
Hibernate: create table compensation_ledger (employee_id integer unique, id integer generated by default as identity, primary key (id))
Hibernate: create table compensation_ledger_compensation_leave (compensation_leave_id integer not null unique, compensation_ledger_id integer not null)
Hibernate: create table leave (duration float(53) not null, employee_id integer, end_date date, id integer generated by default as identity, start_date date, comment varchar(255), contact varchar(255), reason varchar(255), status varchar(255) check (status in ('Applied','Updated','Deleted','Approved','Rejected','Canceled')), type varchar(255) check (type in ('Annual','Medical','Compensation')), work_dissemination varchar(255), primary key (id))
Hibernate: create table leave_quota (annual_leave_quota integer not null, id integer generated by default as identity, medical_leave_quota integer not null, leave_year varchar(255), name varchar(255), role varchar(255), primary key (id))
Hibernate: create table public_holiday (date date, id integer generated by default as identity, name varchar(255), primary key (id))
Hibernate: create table users (ceo_id integer, id integer generated by default as identity, leave_quota_id integer, manager_id integer, user_type varchar(31) not null, name varchar(255), password varchar(255), username varchar(255), primary key (id))
Hibernate: alter table if exists compensation_claim add constraint FKgb2eylc68ppiyl531q1y3vdwl foreign key (compensation_ledger_id) references compensation_ledger
Hibernate: alter table if exists compensation_claim add constraint FK8ujqyfpsebdn2hd8cxs4hhipo foreign key (employee_id) references users
Hibernate: alter table if exists compensation_ledger add constraint FKt0xd6hmv7hk90prx7uuh25lqv foreign key (employee_id) references users
Hibernate: alter table if exists compensation_ledger_compensation_leave add constraint FK1oajjfrg474i4nm451liv6v51 foreign key (compensation_leave_id) references leave
Hibernate: alter table if exists compensation_ledger_compensation_leave add constraint FKqokxo48qnwp24kxms00l60plp foreign key (compensation_ledger_id) references compensation_ledger
Hibernate: alter table if exists leave add constraint FKegu9lejoeeerx3915g6cj8olv foreign key (employee_id) references users
Hibernate: alter table if exists users add constraint FK7d0r9iqi1o1qyuxw5mnc1fkl2 foreign key (leave_quota_id) references leave_quota
Hibernate: alter table if exists users add constraint FK5p1ci5btqfwvtaqx5n2wxi182 foreign key (manager_id) references users
Hibernate: alter table if exists users add constraint FK62l5jewe135x2bs2jpo0d56qs foreign key (ceo_id) references users
2024-06-21T22:26:26.376+08:00  INFO 17752 --- [           main] j.LocalContainerEntityManagerFactoryBean : Initialized JPA EntityManagerFactory for persistence unit 'default'
2024-06-21T22:26:26.848+08:00  INFO 17752 --- [           main] o.s.d.j.r.query.QueryEnhancerFactory     : Hibernate is in classpath; If applicable, HQL parser will be used.
2024-06-21T22:26:28.361+08:00  WARN 17752 --- [           main] JpaBaseConfiguration$JpaWebConfiguration : spring.jpa.open-in-view is enabled by default. Therefore, database queries may be performed during view rendering. Explicitly configure spring.jpa.open-in-view to disable this warning
2024-06-21T22:26:29.308+08:00  INFO 17752 --- [           main] o.s.b.t.m.w.SpringBootMockServletContext : Initializing Spring TestDispatcherServlet ''
2024-06-21T22:26:29.309+08:00  INFO 17752 --- [           main] o.s.t.web.servlet.TestDispatcherServlet  : Initializing Servlet ''
2024-06-21T22:26:29.311+08:00  INFO 17752 --- [           main] o.s.t.web.servlet.TestDispatcherServlet  : Completed initialization in 1 ms
2024-06-21T22:26:29.329+08:00  INFO 17752 --- [           main] sg.nus.iss.java.AccessControlTests       : Started AccessControlTests in 6.561 seconds (process running for 7.4)
Hibernate: insert into users (name,password,username,leave_quota_id,manager_id,ceo_id,user_type,id) values (?,?,?,?,?,?,'Manager',default)
Hibernate: insert into compensation_ledger (employee_id,id) values (?,default)
Hibernate: insert into users (name,password,username,leave_quota_id,manager_id,ceo_id,user_type,id) values (?,?,?,?,?,?,'Manager',default)
Hibernate: insert into compensation_ledger (employee_id,id) values (?,default)
Hibernate: insert into users (name,password,username,leave_quota_id,manager_id,user_type,id) values (?,?,?,?,?,'Employee',default)
Hibernate: insert into compensation_ledger (employee_id,id) values (?,default)
Hibernate: insert into users (name,password,username,leave_quota_id,manager_id,user_type,id) values (?,?,?,?,?,'Employee',default)
Hibernate: insert into compensation_ledger (employee_id,id) values (?,default)
Hibernate: insert into users (name,password,username,leave_quota_id,manager_id,user_type,id) values (?,?,?,?,?,'Employee',default)
Hibernate: insert into compensation_ledger (employee_id,id) values (?,default)
Hibernate: insert into users (name,password,username,leave_quota_id,manager_id,user_type,id) values (?,?,?,?,?,'Ceo',default)
Hibernate: insert into compensation_ledger (employee_id,id) values (?,default)
Hibernate: insert into users (name,password,username,user_type,id) values (?,?,?,'Admin',default)
Hibernate: insert into leave_quota (annual_leave_quota,medical_leave_quota,name,role,leave_year,id) values (?,?,?,?,?,default)
Hibernate: insert into leave_quota (annual_leave_quota,medical_leave_quota,name,role,leave_year,id) values (?,?,?,?,?,default)
Hibernate: insert into leave_quota (annual_leave_quota,medical_leave_quota,name,role,leave_year,id) values (?,?,?,?,?,default)
Hibernate: select m1_0.id,m1_0.name,m1_0.password,m1_0.user_type,m1_0.username,cl1_0.id,cl1_0.employee_id,cc1_0.compensation_ledger_id,cc1_0.id,cc1_0.date,e2_0.id,e2_0.user_type,e2_0.name,e2_0.password,e2_0.user_type,e2_0.username,lq1_0.id,lq1_0.annual_leave_quota,lq1_0.medical_leave_quota,lq1_0.name,lq1_0.role,lq1_0.leave_year,m2_0.id,m2_0.name,m2_0.password,m2_0.user_type,m2_0.username,lq2_0.id,lq2_0.annual_leave_quota,lq2_0.medical_leave_quota,lq2_0.name,lq2_0.role,lq2_0.leave_year,m2_0.manager_id,c1_0.id,c1_0.name,c1_0.password,c1_0.user_type,c1_0.username,lq3_0.id,lq3_0.annual_leave_quota,lq3_0.medical_leave_quota,lq3_0.name,lq3_0.role,lq3_0.leave_year,c1_0.manager_id,c2_0.id,c2_0.name,c2_0.password,c2_0.user_type,c2_0.username,lq4_0.id,lq4_0.annual_leave_quota,lq4_0.medical_leave_quota,lq4_0.name,lq4_0.role,lq4_0.leave_year,m5_0.id,m5_0.name,m5_0.password,m5_0.user_type,m5_0.username,lq5_0.id,lq5_0.annual_leave_quota,lq5_0.medical_leave_quota,lq5_0.name,lq5_0.role,lq5_0.leave_year,m5_0.manager_id,m5_0.ceo_id,cc1_0.end_time,cc1_0.hours,cc1_0.remarks,cc1_0.start_time,cc1_0.status,lq6_0.id,lq6_0.annual_leave_quota,lq6_0.medical_leave_quota,lq6_0.name,lq6_0.role,lq6_0.leave_year,m7_0.id,m7_0.name,m7_0.password,m7_0.user_type,m7_0.username,cl2_0.id,cl2_0.employee_id,lq7_0.id,lq7_0.annual_leave_quota,lq7_0.medical_leave_quota,lq7_0.name,lq7_0.role,lq7_0.leave_year,m7_0.manager_id,c4_0.id,c4_0.name,c4_0.password,c4_0.user_type,c4_0.username,cl3_0.id,cl3_0.employee_id,lq8_0.id,lq8_0.annual_leave_quota,lq8_0.medical_leave_quota,lq8_0.name,lq8_0.role,lq8_0.leave_year,c4_0.manager_id,c5_0.id,c5_0.name,c5_0.password,c5_0.user_type,c5_0.username,cl4_0.id,cl4_0.employee_id,lq9_0.id,lq9_0.annual_leave_quota,lq9_0.medical_leave_quota,lq9_0.name,lq9_0.role,lq9_0.leave_year,m10_0.id,m10_0.name,m10_0.password,m10_0.user_type,m10_0.username,cl5_0.id,cl5_0.employee_id,lq10_0.id,lq10_0.annual_leave_quota,lq10_0.medical_leave_quota,lq10_0.name,lq10_0.role,lq10_0.leave_year,m10_0.manager_id,m10_0.ceo_id from users m1_0 left join compensation_ledger cl1_0 on m1_0.id=cl1_0.employee_id left join compensation_claim cc1_0 on cl1_0.id=cc1_0.compensation_ledger_id left join users e2_0 on e2_0.id=cc1_0.employee_id left join leave_quota lq1_0 on lq1_0.id=e2_0.leave_quota_id left join users m2_0 on m2_0.id=e2_0.manager_id left join leave_quota lq2_0 on lq2_0.id=m2_0.leave_quota_id left join users c1_0 on c1_0.id=m2_0.ceo_id left join leave_quota lq3_0 on lq3_0.id=c1_0.leave_quota_id left join users c2_0 on c2_0.id=e2_0.ceo_id left join leave_quota lq4_0 on lq4_0.id=c2_0.leave_quota_id left join users m5_0 on m5_0.id=c2_0.manager_id left join leave_quota lq5_0 on lq5_0.id=m5_0.leave_quota_id left join leave_quota lq6_0 on lq6_0.id=m1_0.leave_quota_id left join users m7_0 on m7_0.id=m1_0.manager_id left join compensation_ledger cl2_0 on m7_0.id=cl2_0.employee_id left join leave_quota lq7_0 on lq7_0.id=m7_0.leave_quota_id left join users c4_0 on c4_0.id=m7_0.ceo_id left join compensation_ledger cl3_0 on c4_0.id=cl3_0.employee_id left join leave_quota lq8_0 on lq8_0.id=c4_0.leave_quota_id left join users c5_0 on c5_0.id=m1_0.ceo_id left join compensation_ledger cl4_0 on c5_0.id=cl4_0.employee_id left join leave_quota lq9_0 on lq9_0.id=c5_0.leave_quota_id left join users m10_0 on m10_0.id=c5_0.manager_id left join compensation_ledger cl5_0 on m10_0.id=cl5_0.employee_id left join leave_quota lq10_0 on lq10_0.id=m10_0.leave_quota_id where m1_0.user_type='Manager' and m1_0.id=?
Hibernate: select l1_0.employee_id,l1_0.id,l1_0.comment,l1_0.contact,l1_0.duration,l1_0.end_date,l1_0.reason,l1_0.start_date,l1_0.status,l1_0.type,l1_0.work_dissemination from leave l1_0 where l1_0.employee_id=?
Hibernate: select cl1_0.compensation_ledger_id,cl1_1.id,cl1_1.comment,cl1_1.contact,cl1_1.duration,e1_0.id,e1_0.user_type,e1_0.name,e1_0.password,e1_0.user_type,e1_0.username,cl2_0.id,lq1_0.id,lq1_0.annual_leave_quota,lq1_0.medical_leave_quota,lq1_0.name,lq1_0.role,lq1_0.leave_year,m1_0.id,m1_0.name,m1_0.password,m1_0.user_type,m1_0.username,cl3_0.id,cl3_0.employee_id,lq2_0.id,lq2_0.annual_leave_quota,lq2_0.medical_leave_quota,lq2_0.name,lq2_0.role,lq2_0.leave_year,m1_0.manager_id,c1_0.id,c1_0.name,c1_0.password,c1_0.user_type,c1_0.username,cl4_0.id,cl4_0.employee_id,lq3_0.id,lq3_0.annual_leave_quota,lq3_0.medical_leave_quota,lq3_0.name,lq3_0.role,lq3_0.leave_year,c1_0.manager_id,c2_0.id,c2_0.name,c2_0.password,c2_0.user_type,c2_0.username,cl5_0.id,cl5_0.employee_id,lq4_0.id,lq4_0.annual_leave_quota,lq4_0.medical_leave_quota,lq4_0.name,lq4_0.role,lq4_0.leave_year,m4_0.id,m4_0.name,m4_0.password,m4_0.user_type,m4_0.username,cl6_0.id,cl6_0.employee_id,lq5_0.id,lq5_0.annual_leave_quota,lq5_0.medical_leave_quota,lq5_0.name,lq5_0.role,lq5_0.leave_year,m4_0.manager_id,m4_0.ceo_id,cl1_1.end_date,cl1_1.reason,cl1_1.start_date,cl1_1.status,cl1_1.type,cl1_1.work_dissemination from compensation_ledger_compensation_leave cl1_0 join leave cl1_1 on cl1_1.id=cl1_0.compensation_leave_id left join users e1_0 on e1_0.id=cl1_1.employee_id left join compensation_ledger cl2_0 on e1_0.id=cl2_0.employee_id left join leave_quota lq1_0 on lq1_0.id=e1_0.leave_quota_id left join users m1_0 on m1_0.id=e1_0.manager_id left join compensation_ledger cl3_0 on m1_0.id=cl3_0.employee_id left join leave_quota lq2_0 on lq2_0.id=m1_0.leave_quota_id left join users c1_0 on c1_0.id=m1_0.ceo_id left join compensation_ledger cl4_0 on c1_0.id=cl4_0.employee_id left join leave_quota lq3_0 on lq3_0.id=c1_0.leave_quota_id left join users c2_0 on c2_0.id=e1_0.ceo_id left join compensation_ledger cl5_0 on c2_0.id=cl5_0.employee_id left join leave_quota lq4_0 on lq4_0.id=c2_0.leave_quota_id left join users m4_0 on m4_0.id=c2_0.manager_id left join compensation_ledger cl6_0 on m4_0.id=cl6_0.employee_id left join leave_quota lq5_0 on lq5_0.id=m4_0.leave_quota_id where cl1_0.compensation_ledger_id=?
Hibernate: select c1_0.employee_id,c1_0.id,cl1_0.id,e1_0.id,e1_0.user_type,e1_0.name,e1_0.password,e1_0.user_type,e1_0.username,lq1_0.id,lq1_0.annual_leave_quota,lq1_0.medical_leave_quota,lq1_0.name,lq1_0.role,lq1_0.leave_year,m1_0.id,m1_0.name,m1_0.password,m1_0.user_type,m1_0.username,lq2_0.id,lq2_0.annual_leave_quota,lq2_0.medical_leave_quota,lq2_0.name,lq2_0.role,lq2_0.leave_year,m1_0.manager_id,c2_0.id,c2_0.name,c2_0.password,c2_0.user_type,c2_0.username,lq3_0.id,lq3_0.annual_leave_quota,lq3_0.medical_leave_quota,lq3_0.name,lq3_0.role,lq3_0.leave_year,c2_0.manager_id,c3_0.id,c3_0.name,c3_0.password,c3_0.user_type,c3_0.username,lq4_0.id,lq4_0.annual_leave_quota,lq4_0.medical_leave_quota,lq4_0.name,lq4_0.role,lq4_0.leave_year,m4_0.id,m4_0.name,m4_0.password,m4_0.user_type,m4_0.username,lq5_0.id,lq5_0.annual_leave_quota,lq5_0.medical_leave_quota,lq5_0.name,lq5_0.role,lq5_0.leave_year,m4_0.manager_id,m4_0.ceo_id,c1_0.date,c1_0.end_time,c1_0.hours,c1_0.remarks,c1_0.start_time,c1_0.status from compensation_claim c1_0 left join compensation_ledger cl1_0 on cl1_0.id=c1_0.compensation_ledger_id left join users e1_0 on e1_0.id=cl1_0.employee_id left join leave_quota lq1_0 on lq1_0.id=e1_0.leave_quota_id left join users m1_0 on m1_0.id=e1_0.manager_id left join leave_quota lq2_0 on lq2_0.id=m1_0.leave_quota_id left join users c2_0 on c2_0.id=m1_0.ceo_id left join leave_quota lq3_0 on lq3_0.id=c2_0.leave_quota_id left join users c3_0 on c3_0.id=e1_0.ceo_id left join leave_quota lq4_0 on lq4_0.id=c3_0.leave_quota_id left join users m4_0 on m4_0.id=c3_0.manager_id left join leave_quota lq5_0 on lq5_0.id=m4_0.leave_quota_id where c1_0.employee_id=?
Hibernate: select lq1_0.id,lq1_0.annual_leave_quota,lq1_0.medical_leave_quota,lq1_0.name,lq1_0.role,lq1_0.leave_year from leave_quota lq1_0 where lq1_0.id=?
Hibernate: select c1_0.id,c1_0.name,c1_0.password,c1_0.user_type,c1_0.username,cl1_0.id,cl1_0.employee_id,cc1_0.compensation_ledger_id,cc1_0.id,cc1_0.date,e2_0.id,e2_0.user_type,e2_0.name,e2_0.password,e2_0.user_type,e2_0.username,lq1_0.id,lq1_0.annual_leave_quota,lq1_0.medical_leave_quota,lq1_0.name,lq1_0.role,lq1_0.leave_year,m1_0.id,m1_0.name,m1_0.password,m1_0.user_type,m1_0.username,lq2_0.id,lq2_0.annual_leave_quota,lq2_0.medical_leave_quota,lq2_0.name,lq2_0.role,lq2_0.leave_year,m1_0.manager_id,c2_0.id,c2_0.name,c2_0.password,c2_0.user_type,c2_0.username,lq3_0.id,lq3_0.annual_leave_quota,lq3_0.medical_leave_quota,lq3_0.name,lq3_0.role,lq3_0.leave_year,c2_0.manager_id,c3_0.id,c3_0.name,c3_0.password,c3_0.user_type,c3_0.username,lq4_0.id,lq4_0.annual_leave_quota,lq4_0.medical_leave_quota,lq4_0.name,lq4_0.role,lq4_0.leave_year,m4_0.id,m4_0.name,m4_0.password,m4_0.user_type,m4_0.username,lq5_0.id,lq5_0.annual_leave_quota,lq5_0.medical_leave_quota,lq5_0.name,lq5_0.role,lq5_0.leave_year,m4_0.manager_id,m4_0.ceo_id,cc1_0.end_time,cc1_0.hours,cc1_0.remarks,cc1_0.start_time,cc1_0.status,lq6_0.id,lq6_0.annual_leave_quota,lq6_0.medical_leave_quota,lq6_0.name,lq6_0.role,lq6_0.leave_year,m6_0.id,m6_0.name,m6_0.password,m6_0.user_type,m6_0.username,cl2_0.id,cl2_0.employee_id,lq7_0.id,lq7_0.annual_leave_quota,lq7_0.medical_leave_quota,lq7_0.name,lq7_0.role,lq7_0.leave_year,m6_0.manager_id,c5_0.id,c5_0.name,c5_0.password,c5_0.user_type,c5_0.username,cl3_0.id,cl3_0.employee_id,lq8_0.id,lq8_0.annual_leave_quota,lq8_0.medical_leave_quota,lq8_0.name,lq8_0.role,lq8_0.leave_year,c5_0.manager_id from users c1_0 left join compensation_ledger cl1_0 on c1_0.id=cl1_0.employee_id left join compensation_claim cc1_0 on cl1_0.id=cc1_0.compensation_ledger_id left join users e2_0 on e2_0.id=cc1_0.employee_id left join leave_quota lq1_0 on lq1_0.id=e2_0.leave_quota_id left join users m1_0 on m1_0.id=e2_0.manager_id left join leave_quota lq2_0 on lq2_0.id=m1_0.leave_quota_id left join users c2_0 on c2_0.id=m1_0.ceo_id left join leave_quota lq3_0 on lq3_0.id=c2_0.leave_quota_id left join users c3_0 on c3_0.id=e2_0.ceo_id left join leave_quota lq4_0 on lq4_0.id=c3_0.leave_quota_id left join users m4_0 on m4_0.id=c3_0.manager_id left join leave_quota lq5_0 on lq5_0.id=m4_0.leave_quota_id left join leave_quota lq6_0 on lq6_0.id=c1_0.leave_quota_id left join users m6_0 on m6_0.id=c1_0.manager_id left join compensation_ledger cl2_0 on m6_0.id=cl2_0.employee_id left join leave_quota lq7_0 on lq7_0.id=m6_0.leave_quota_id left join users c5_0 on c5_0.id=m6_0.ceo_id left join compensation_ledger cl3_0 on c5_0.id=cl3_0.employee_id left join leave_quota lq8_0 on lq8_0.id=c5_0.leave_quota_id where c1_0.user_type='Ceo' and c1_0.id=?
Hibernate: select l1_0.employee_id,l1_0.id,l1_0.comment,l1_0.contact,l1_0.duration,l1_0.end_date,l1_0.reason,l1_0.start_date,l1_0.status,l1_0.type,l1_0.work_dissemination from leave l1_0 where l1_0.employee_id=?
Hibernate: select cl1_0.compensation_ledger_id,cl1_1.id,cl1_1.comment,cl1_1.contact,cl1_1.duration,e1_0.id,e1_0.user_type,e1_0.name,e1_0.password,e1_0.user_type,e1_0.username,cl2_0.id,lq1_0.id,lq1_0.annual_leave_quota,lq1_0.medical_leave_quota,lq1_0.name,lq1_0.role,lq1_0.leave_year,m1_0.id,m1_0.name,m1_0.password,m1_0.user_type,m1_0.username,cl3_0.id,cl3_0.employee_id,lq2_0.id,lq2_0.annual_leave_quota,lq2_0.medical_leave_quota,lq2_0.name,lq2_0.role,lq2_0.leave_year,m1_0.manager_id,c1_0.id,c1_0.name,c1_0.password,c1_0.user_type,c1_0.username,cl4_0.id,cl4_0.employee_id,lq3_0.id,lq3_0.annual_leave_quota,lq3_0.medical_leave_quota,lq3_0.name,lq3_0.role,lq3_0.leave_year,c1_0.manager_id,c2_0.id,c2_0.name,c2_0.password,c2_0.user_type,c2_0.username,cl5_0.id,cl5_0.employee_id,lq4_0.id,lq4_0.annual_leave_quota,lq4_0.medical_leave_quota,lq4_0.name,lq4_0.role,lq4_0.leave_year,m4_0.id,m4_0.name,m4_0.password,m4_0.user_type,m4_0.username,cl6_0.id,cl6_0.employee_id,lq5_0.id,lq5_0.annual_leave_quota,lq5_0.medical_leave_quota,lq5_0.name,lq5_0.role,lq5_0.leave_year,m4_0.manager_id,m4_0.ceo_id,cl1_1.end_date,cl1_1.reason,cl1_1.start_date,cl1_1.status,cl1_1.type,cl1_1.work_dissemination from compensation_ledger_compensation_leave cl1_0 join leave cl1_1 on cl1_1.id=cl1_0.compensation_leave_id left join users e1_0 on e1_0.id=cl1_1.employee_id left join compensation_ledger cl2_0 on e1_0.id=cl2_0.employee_id left join leave_quota lq1_0 on lq1_0.id=e1_0.leave_quota_id left join users m1_0 on m1_0.id=e1_0.manager_id left join compensation_ledger cl3_0 on m1_0.id=cl3_0.employee_id left join leave_quota lq2_0 on lq2_0.id=m1_0.leave_quota_id left join users c1_0 on c1_0.id=m1_0.ceo_id left join compensation_ledger cl4_0 on c1_0.id=cl4_0.employee_id left join leave_quota lq3_0 on lq3_0.id=c1_0.leave_quota_id left join users c2_0 on c2_0.id=e1_0.ceo_id left join compensation_ledger cl5_0 on c2_0.id=cl5_0.employee_id left join leave_quota lq4_0 on lq4_0.id=c2_0.leave_quota_id left join users m4_0 on m4_0.id=c2_0.manager_id left join compensation_ledger cl6_0 on m4_0.id=cl6_0.employee_id left join leave_quota lq5_0 on lq5_0.id=m4_0.leave_quota_id where cl1_0.compensation_ledger_id=?
Hibernate: select c1_0.employee_id,c1_0.id,cl1_0.id,e1_0.id,e1_0.user_type,e1_0.name,e1_0.password,e1_0.user_type,e1_0.username,lq1_0.id,lq1_0.annual_leave_quota,lq1_0.medical_leave_quota,lq1_0.name,lq1_0.role,lq1_0.leave_year,m1_0.id,m1_0.name,m1_0.password,m1_0.user_type,m1_0.username,lq2_0.id,lq2_0.annual_leave_quota,lq2_0.medical_leave_quota,lq2_0.name,lq2_0.role,lq2_0.leave_year,m1_0.manager_id,c2_0.id,c2_0.name,c2_0.password,c2_0.user_type,c2_0.username,lq3_0.id,lq3_0.annual_leave_quota,lq3_0.medical_leave_quota,lq3_0.name,lq3_0.role,lq3_0.leave_year,c2_0.manager_id,c3_0.id,c3_0.name,c3_0.password,c3_0.user_type,c3_0.username,lq4_0.id,lq4_0.annual_leave_quota,lq4_0.medical_leave_quota,lq4_0.name,lq4_0.role,lq4_0.leave_year,m4_0.id,m4_0.name,m4_0.password,m4_0.user_type,m4_0.username,lq5_0.id,lq5_0.annual_leave_quota,lq5_0.medical_leave_quota,lq5_0.name,lq5_0.role,lq5_0.leave_year,m4_0.manager_id,m4_0.ceo_id,c1_0.date,c1_0.end_time,c1_0.hours,c1_0.remarks,c1_0.start_time,c1_0.status from compensation_claim c1_0 left join compensation_ledger cl1_0 on cl1_0.id=c1_0.compensation_ledger_id left join users e1_0 on e1_0.id=cl1_0.employee_id left join leave_quota lq1_0 on lq1_0.id=e1_0.leave_quota_id left join users m1_0 on m1_0.id=e1_0.manager_id left join leave_quota lq2_0 on lq2_0.id=m1_0.leave_quota_id left join users c2_0 on c2_0.id=m1_0.ceo_id left join leave_quota lq3_0 on lq3_0.id=c2_0.leave_quota_id left join users c3_0 on c3_0.id=e1_0.ceo_id left join leave_quota lq4_0 on lq4_0.id=c3_0.leave_quota_id left join users m4_0 on m4_0.id=c3_0.manager_id left join leave_quota lq5_0 on lq5_0.id=m4_0.leave_quota_id where c1_0.employee_id=?
Hibernate: update users set name=?,password=?,username=?,leave_quota_id=?,manager_id=?,ceo_id=? where id=?
Hibernate: select m1_0.id,m1_0.name,m1_0.password,m1_0.user_type,m1_0.username,cl1_0.id,cl1_0.employee_id,cc1_0.compensation_ledger_id,cc1_0.id,cc1_0.date,e2_0.id,e2_0.user_type,e2_0.name,e2_0.password,e2_0.user_type,e2_0.username,lq1_0.id,lq1_0.annual_leave_quota,lq1_0.medical_leave_quota,lq1_0.name,lq1_0.role,lq1_0.leave_year,m2_0.id,m2_0.name,m2_0.password,m2_0.user_type,m2_0.username,lq2_0.id,lq2_0.annual_leave_quota,lq2_0.medical_leave_quota,lq2_0.name,lq2_0.role,lq2_0.leave_year,m2_0.manager_id,c1_0.id,c1_0.name,c1_0.password,c1_0.user_type,c1_0.username,lq3_0.id,lq3_0.annual_leave_quota,lq3_0.medical_leave_quota,lq3_0.name,lq3_0.role,lq3_0.leave_year,c1_0.manager_id,c2_0.id,c2_0.name,c2_0.password,c2_0.user_type,c2_0.username,lq4_0.id,lq4_0.annual_leave_quota,lq4_0.medical_leave_quota,lq4_0.name,lq4_0.role,lq4_0.leave_year,m5_0.id,m5_0.name,m5_0.password,m5_0.user_type,m5_0.username,lq5_0.id,lq5_0.annual_leave_quota,lq5_0.medical_leave_quota,lq5_0.name,lq5_0.role,lq5_0.leave_year,m5_0.manager_id,m5_0.ceo_id,cc1_0.end_time,cc1_0.hours,cc1_0.remarks,cc1_0.start_time,cc1_0.status,lq6_0.id,lq6_0.annual_leave_quota,lq6_0.medical_leave_quota,lq6_0.name,lq6_0.role,lq6_0.leave_year,m7_0.id,m7_0.name,m7_0.password,m7_0.user_type,m7_0.username,cl2_0.id,cl2_0.employee_id,lq7_0.id,lq7_0.annual_leave_quota,lq7_0.medical_leave_quota,lq7_0.name,lq7_0.role,lq7_0.leave_year,m7_0.manager_id,c4_0.id,c4_0.name,c4_0.password,c4_0.user_type,c4_0.username,cl3_0.id,cl3_0.employee_id,lq8_0.id,lq8_0.annual_leave_quota,lq8_0.medical_leave_quota,lq8_0.name,lq8_0.role,lq8_0.leave_year,c4_0.manager_id,c5_0.id,c5_0.name,c5_0.password,c5_0.user_type,c5_0.username,cl4_0.id,cl4_0.employee_id,lq9_0.id,lq9_0.annual_leave_quota,lq9_0.medical_leave_quota,lq9_0.name,lq9_0.role,lq9_0.leave_year,m10_0.id,m10_0.name,m10_0.password,m10_0.user_type,m10_0.username,cl5_0.id,cl5_0.employee_id,lq10_0.id,lq10_0.annual_leave_quota,lq10_0.medical_leave_quota,lq10_0.name,lq10_0.role,lq10_0.leave_year,m10_0.manager_id,m10_0.ceo_id from users m1_0 left join compensation_ledger cl1_0 on m1_0.id=cl1_0.employee_id left join compensation_claim cc1_0 on cl1_0.id=cc1_0.compensation_ledger_id left join users e2_0 on e2_0.id=cc1_0.employee_id left join leave_quota lq1_0 on lq1_0.id=e2_0.leave_quota_id left join users m2_0 on m2_0.id=e2_0.manager_id left join leave_quota lq2_0 on lq2_0.id=m2_0.leave_quota_id left join users c1_0 on c1_0.id=m2_0.ceo_id left join leave_quota lq3_0 on lq3_0.id=c1_0.leave_quota_id left join users c2_0 on c2_0.id=e2_0.ceo_id left join leave_quota lq4_0 on lq4_0.id=c2_0.leave_quota_id left join users m5_0 on m5_0.id=c2_0.manager_id left join leave_quota lq5_0 on lq5_0.id=m5_0.leave_quota_id left join leave_quota lq6_0 on lq6_0.id=m1_0.leave_quota_id left join users m7_0 on m7_0.id=m1_0.manager_id left join compensation_ledger cl2_0 on m7_0.id=cl2_0.employee_id left join leave_quota lq7_0 on lq7_0.id=m7_0.leave_quota_id left join users c4_0 on c4_0.id=m7_0.ceo_id left join compensation_ledger cl3_0 on c4_0.id=cl3_0.employee_id left join leave_quota lq8_0 on lq8_0.id=c4_0.leave_quota_id left join users c5_0 on c5_0.id=m1_0.ceo_id left join compensation_ledger cl4_0 on c5_0.id=cl4_0.employee_id left join leave_quota lq9_0 on lq9_0.id=c5_0.leave_quota_id left join users m10_0 on m10_0.id=c5_0.manager_id left join compensation_ledger cl5_0 on m10_0.id=cl5_0.employee_id left join leave_quota lq10_0 on lq10_0.id=m10_0.leave_quota_id where m1_0.user_type='Manager' and m1_0.id=?
Hibernate: select l1_0.employee_id,l1_0.id,l1_0.comment,l1_0.contact,l1_0.duration,l1_0.end_date,l1_0.reason,l1_0.start_date,l1_0.status,l1_0.type,l1_0.work_dissemination from leave l1_0 where l1_0.employee_id=?
Hibernate: select cl1_0.compensation_ledger_id,cl1_1.id,cl1_1.comment,cl1_1.contact,cl1_1.duration,e1_0.id,e1_0.user_type,e1_0.name,e1_0.password,e1_0.user_type,e1_0.username,cl2_0.id,lq1_0.id,lq1_0.annual_leave_quota,lq1_0.medical_leave_quota,lq1_0.name,lq1_0.role,lq1_0.leave_year,m1_0.id,m1_0.name,m1_0.password,m1_0.user_type,m1_0.username,cl3_0.id,cl3_0.employee_id,lq2_0.id,lq2_0.annual_leave_quota,lq2_0.medical_leave_quota,lq2_0.name,lq2_0.role,lq2_0.leave_year,m1_0.manager_id,c1_0.id,c1_0.name,c1_0.password,c1_0.user_type,c1_0.username,cl4_0.id,cl4_0.employee_id,lq3_0.id,lq3_0.annual_leave_quota,lq3_0.medical_leave_quota,lq3_0.name,lq3_0.role,lq3_0.leave_year,c1_0.manager_id,c2_0.id,c2_0.name,c2_0.password,c2_0.user_type,c2_0.username,cl5_0.id,cl5_0.employee_id,lq4_0.id,lq4_0.annual_leave_quota,lq4_0.medical_leave_quota,lq4_0.name,lq4_0.role,lq4_0.leave_year,m4_0.id,m4_0.name,m4_0.password,m4_0.user_type,m4_0.username,cl6_0.id,cl6_0.employee_id,lq5_0.id,lq5_0.annual_leave_quota,lq5_0.medical_leave_quota,lq5_0.name,lq5_0.role,lq5_0.leave_year,m4_0.manager_id,m4_0.ceo_id,cl1_1.end_date,cl1_1.reason,cl1_1.start_date,cl1_1.status,cl1_1.type,cl1_1.work_dissemination from compensation_ledger_compensation_leave cl1_0 join leave cl1_1 on cl1_1.id=cl1_0.compensation_leave_id left join users e1_0 on e1_0.id=cl1_1.employee_id left join compensation_ledger cl2_0 on e1_0.id=cl2_0.employee_id left join leave_quota lq1_0 on lq1_0.id=e1_0.leave_quota_id left join users m1_0 on m1_0.id=e1_0.manager_id left join compensation_ledger cl3_0 on m1_0.id=cl3_0.employee_id left join leave_quota lq2_0 on lq2_0.id=m1_0.leave_quota_id left join users c1_0 on c1_0.id=m1_0.ceo_id left join compensation_ledger cl4_0 on c1_0.id=cl4_0.employee_id left join leave_quota lq3_0 on lq3_0.id=c1_0.leave_quota_id left join users c2_0 on c2_0.id=e1_0.ceo_id left join compensation_ledger cl5_0 on c2_0.id=cl5_0.employee_id left join leave_quota lq4_0 on lq4_0.id=c2_0.leave_quota_id left join users m4_0 on m4_0.id=c2_0.manager_id left join compensation_ledger cl6_0 on m4_0.id=cl6_0.employee_id left join leave_quota lq5_0 on lq5_0.id=m4_0.leave_quota_id where cl1_0.compensation_ledger_id=?
Hibernate: select c1_0.employee_id,c1_0.id,cl1_0.id,e1_0.id,e1_0.user_type,e1_0.name,e1_0.password,e1_0.user_type,e1_0.username,lq1_0.id,lq1_0.annual_leave_quota,lq1_0.medical_leave_quota,lq1_0.name,lq1_0.role,lq1_0.leave_year,m1_0.id,m1_0.name,m1_0.password,m1_0.user_type,m1_0.username,lq2_0.id,lq2_0.annual_leave_quota,lq2_0.medical_leave_quota,lq2_0.name,lq2_0.role,lq2_0.leave_year,m1_0.manager_id,c2_0.id,c2_0.name,c2_0.password,c2_0.user_type,c2_0.username,lq3_0.id,lq3_0.annual_leave_quota,lq3_0.medical_leave_quota,lq3_0.name,lq3_0.role,lq3_0.leave_year,c2_0.manager_id,c3_0.id,c3_0.name,c3_0.password,c3_0.user_type,c3_0.username,lq4_0.id,lq4_0.annual_leave_quota,lq4_0.medical_leave_quota,lq4_0.name,lq4_0.role,lq4_0.leave_year,m4_0.id,m4_0.name,m4_0.password,m4_0.user_type,m4_0.username,lq5_0.id,lq5_0.annual_leave_quota,lq5_0.medical_leave_quota,lq5_0.name,lq5_0.role,lq5_0.leave_year,m4_0.manager_id,m4_0.ceo_id,c1_0.date,c1_0.end_time,c1_0.hours,c1_0.remarks,c1_0.start_time,c1_0.status from compensation_claim c1_0 left join compensation_ledger cl1_0 on cl1_0.id=c1_0.compensation_ledger_id left join users e1_0 on e1_0.id=cl1_0.employee_id left join leave_quota lq1_0 on lq1_0.id=e1_0.leave_quota_id left join users m1_0 on m1_0.id=e1_0.manager_id left join leave_quota lq2_0 on lq2_0.id=m1_0.leave_quota_id left join users c2_0 on c2_0.id=m1_0.ceo_id left join leave_quota lq3_0 on lq3_0.id=c2_0.leave_quota_id left join users c3_0 on c3_0.id=e1_0.ceo_id left join leave_quota lq4_0 on lq4_0.id=c3_0.leave_quota_id left join users m4_0 on m4_0.id=c3_0.manager_id left join leave_quota lq5_0 on lq5_0.id=m4_0.leave_quota_id where c1_0.employee_id=?
Hibernate: select lq1_0.id,lq1_0.annual_leave_quota,lq1_0.medical_leave_quota,lq1_0.name,lq1_0.role,lq1_0.leave_year from leave_quota lq1_0 where lq1_0.id=?
Hibernate: select c1_0.id,c1_0.name,c1_0.password,c1_0.user_type,c1_0.username,cl1_0.id,cl1_0.employee_id,cc1_0.compensation_ledger_id,cc1_0.id,cc1_0.date,e2_0.id,e2_0.user_type,e2_0.name,e2_0.password,e2_0.user_type,e2_0.username,lq1_0.id,lq1_0.annual_leave_quota,lq1_0.medical_leave_quota,lq1_0.name,lq1_0.role,lq1_0.leave_year,m1_0.id,m1_0.name,m1_0.password,m1_0.user_type,m1_0.username,lq2_0.id,lq2_0.annual_leave_quota,lq2_0.medical_leave_quota,lq2_0.name,lq2_0.role,lq2_0.leave_year,m1_0.manager_id,c2_0.id,c2_0.name,c2_0.password,c2_0.user_type,c2_0.username,lq3_0.id,lq3_0.annual_leave_quota,lq3_0.medical_leave_quota,lq3_0.name,lq3_0.role,lq3_0.leave_year,c2_0.manager_id,c3_0.id,c3_0.name,c3_0.password,c3_0.user_type,c3_0.username,lq4_0.id,lq4_0.annual_leave_quota,lq4_0.medical_leave_quota,lq4_0.name,lq4_0.role,lq4_0.leave_year,m4_0.id,m4_0.name,m4_0.password,m4_0.user_type,m4_0.username,lq5_0.id,lq5_0.annual_leave_quota,lq5_0.medical_leave_quota,lq5_0.name,lq5_0.role,lq5_0.leave_year,m4_0.manager_id,m4_0.ceo_id,cc1_0.end_time,cc1_0.hours,cc1_0.remarks,cc1_0.start_time,cc1_0.status,lq6_0.id,lq6_0.annual_leave_quota,lq6_0.medical_leave_quota,lq6_0.name,lq6_0.role,lq6_0.leave_year,m6_0.id,m6_0.name,m6_0.password,m6_0.user_type,m6_0.username,cl2_0.id,cl2_0.employee_id,lq7_0.id,lq7_0.annual_leave_quota,lq7_0.medical_leave_quota,lq7_0.name,lq7_0.role,lq7_0.leave_year,m6_0.manager_id,c5_0.id,c5_0.name,c5_0.password,c5_0.user_type,c5_0.username,cl3_0.id,cl3_0.employee_id,lq8_0.id,lq8_0.annual_leave_quota,lq8_0.medical_leave_quota,lq8_0.name,lq8_0.role,lq8_0.leave_year,c5_0.manager_id from users c1_0 left join compensation_ledger cl1_0 on c1_0.id=cl1_0.employee_id left join compensation_claim cc1_0 on cl1_0.id=cc1_0.compensation_ledger_id left join users e2_0 on e2_0.id=cc1_0.employee_id left join leave_quota lq1_0 on lq1_0.id=e2_0.leave_quota_id left join users m1_0 on m1_0.id=e2_0.manager_id left join leave_quota lq2_0 on lq2_0.id=m1_0.leave_quota_id left join users c2_0 on c2_0.id=m1_0.ceo_id left join leave_quota lq3_0 on lq3_0.id=c2_0.leave_quota_id left join users c3_0 on c3_0.id=e2_0.ceo_id left join leave_quota lq4_0 on lq4_0.id=c3_0.leave_quota_id left join users m4_0 on m4_0.id=c3_0.manager_id left join leave_quota lq5_0 on lq5_0.id=m4_0.leave_quota_id left join leave_quota lq6_0 on lq6_0.id=c1_0.leave_quota_id left join users m6_0 on m6_0.id=c1_0.manager_id left join compensation_ledger cl2_0 on m6_0.id=cl2_0.employee_id left join leave_quota lq7_0 on lq7_0.id=m6_0.leave_quota_id left join users c5_0 on c5_0.id=m6_0.ceo_id left join compensation_ledger cl3_0 on c5_0.id=cl3_0.employee_id left join leave_quota lq8_0 on lq8_0.id=c5_0.leave_quota_id where c1_0.user_type='Ceo' and c1_0.id=?
Hibernate: select l1_0.employee_id,l1_0.id,l1_0.comment,l1_0.contact,l1_0.duration,l1_0.end_date,l1_0.reason,l1_0.start_date,l1_0.status,l1_0.type,l1_0.work_dissemination from leave l1_0 where l1_0.employee_id=?
Hibernate: select cl1_0.compensation_ledger_id,cl1_1.id,cl1_1.comment,cl1_1.contact,cl1_1.duration,e1_0.id,e1_0.user_type,e1_0.name,e1_0.password,e1_0.user_type,e1_0.username,cl2_0.id,lq1_0.id,lq1_0.annual_leave_quota,lq1_0.medical_leave_quota,lq1_0.name,lq1_0.role,lq1_0.leave_year,m1_0.id,m1_0.name,m1_0.password,m1_0.user_type,m1_0.username,cl3_0.id,cl3_0.employee_id,lq2_0.id,lq2_0.annual_leave_quota,lq2_0.medical_leave_quota,lq2_0.name,lq2_0.role,lq2_0.leave_year,m1_0.manager_id,c1_0.id,c1_0.name,c1_0.password,c1_0.user_type,c1_0.username,cl4_0.id,cl4_0.employee_id,lq3_0.id,lq3_0.annual_leave_quota,lq3_0.medical_leave_quota,lq3_0.name,lq3_0.role,lq3_0.leave_year,c1_0.manager_id,c2_0.id,c2_0.name,c2_0.password,c2_0.user_type,c2_0.username,cl5_0.id,cl5_0.employee_id,lq4_0.id,lq4_0.annual_leave_quota,lq4_0.medical_leave_quota,lq4_0.name,lq4_0.role,lq4_0.leave_year,m4_0.id,m4_0.name,m4_0.password,m4_0.user_type,m4_0.username,cl6_0.id,cl6_0.employee_id,lq5_0.id,lq5_0.annual_leave_quota,lq5_0.medical_leave_quota,lq5_0.name,lq5_0.role,lq5_0.leave_year,m4_0.manager_id,m4_0.ceo_id,cl1_1.end_date,cl1_1.reason,cl1_1.start_date,cl1_1.status,cl1_1.type,cl1_1.work_dissemination from compensation_ledger_compensation_leave cl1_0 join leave cl1_1 on cl1_1.id=cl1_0.compensation_leave_id left join users e1_0 on e1_0.id=cl1_1.employee_id left join compensation_ledger cl2_0 on e1_0.id=cl2_0.employee_id left join leave_quota lq1_0 on lq1_0.id=e1_0.leave_quota_id left join users m1_0 on m1_0.id=e1_0.manager_id left join compensation_ledger cl3_0 on m1_0.id=cl3_0.employee_id left join leave_quota lq2_0 on lq2_0.id=m1_0.leave_quota_id left join users c1_0 on c1_0.id=m1_0.ceo_id left join compensation_ledger cl4_0 on c1_0.id=cl4_0.employee_id left join leave_quota lq3_0 on lq3_0.id=c1_0.leave_quota_id left join users c2_0 on c2_0.id=e1_0.ceo_id left join compensation_ledger cl5_0 on c2_0.id=cl5_0.employee_id left join leave_quota lq4_0 on lq4_0.id=c2_0.leave_quota_id left join users m4_0 on m4_0.id=c2_0.manager_id left join compensation_ledger cl6_0 on m4_0.id=cl6_0.employee_id left join leave_quota lq5_0 on lq5_0.id=m4_0.leave_quota_id where cl1_0.compensation_ledger_id=?
Hibernate: select c1_0.employee_id,c1_0.id,cl1_0.id,e1_0.id,e1_0.user_type,e1_0.name,e1_0.password,e1_0.user_type,e1_0.username,lq1_0.id,lq1_0.annual_leave_quota,lq1_0.medical_leave_quota,lq1_0.name,lq1_0.role,lq1_0.leave_year,m1_0.id,m1_0.name,m1_0.password,m1_0.user_type,m1_0.username,lq2_0.id,lq2_0.annual_leave_quota,lq2_0.medical_leave_quota,lq2_0.name,lq2_0.role,lq2_0.leave_year,m1_0.manager_id,c2_0.id,c2_0.name,c2_0.password,c2_0.user_type,c2_0.username,lq3_0.id,lq3_0.annual_leave_quota,lq3_0.medical_leave_quota,lq3_0.name,lq3_0.role,lq3_0.leave_year,c2_0.manager_id,c3_0.id,c3_0.name,c3_0.password,c3_0.user_type,c3_0.username,lq4_0.id,lq4_0.annual_leave_quota,lq4_0.medical_leave_quota,lq4_0.name,lq4_0.role,lq4_0.leave_year,m4_0.id,m4_0.name,m4_0.password,m4_0.user_type,m4_0.username,lq5_0.id,lq5_0.annual_leave_quota,lq5_0.medical_leave_quota,lq5_0.name,lq5_0.role,lq5_0.leave_year,m4_0.manager_id,m4_0.ceo_id,c1_0.date,c1_0.end_time,c1_0.hours,c1_0.remarks,c1_0.start_time,c1_0.status from compensation_claim c1_0 left join compensation_ledger cl1_0 on cl1_0.id=c1_0.compensation_ledger_id left join users e1_0 on e1_0.id=cl1_0.employee_id left join leave_quota lq1_0 on lq1_0.id=e1_0.leave_quota_id left join users m1_0 on m1_0.id=e1_0.manager_id left join leave_quota lq2_0 on lq2_0.id=m1_0.leave_quota_id left join users c2_0 on c2_0.id=m1_0.ceo_id left join leave_quota lq3_0 on lq3_0.id=c2_0.leave_quota_id left join users c3_0 on c3_0.id=e1_0.ceo_id left join leave_quota lq4_0 on lq4_0.id=c3_0.leave_quota_id left join users m4_0 on m4_0.id=c3_0.manager_id left join leave_quota lq5_0 on lq5_0.id=m4_0.leave_quota_id where c1_0.employee_id=?
Hibernate: update users set name=?,password=?,username=?,leave_quota_id=?,manager_id=?,ceo_id=? where id=?
Hibernate: select e1_0.id,e1_0.user_type,e1_0.name,e1_0.password,e1_0.username,cl1_0.id,cc1_0.compensation_ledger_id,cc1_0.id,cc1_0.date,e2_0.id,e2_0.user_type,e2_0.name,e2_0.password,e2_0.user_type,e2_0.username,lq1_0.id,lq1_0.annual_leave_quota,lq1_0.medical_leave_quota,lq1_0.name,lq1_0.role,lq1_0.leave_year,m1_0.id,m1_0.name,m1_0.password,m1_0.user_type,m1_0.username,lq2_0.id,lq2_0.annual_leave_quota,lq2_0.medical_leave_quota,lq2_0.name,lq2_0.role,lq2_0.leave_year,m1_0.manager_id,c1_0.id,c1_0.name,c1_0.password,c1_0.user_type,c1_0.username,lq3_0.id,lq3_0.annual_leave_quota,lq3_0.medical_leave_quota,lq3_0.name,lq3_0.role,lq3_0.leave_year,c1_0.manager_id,c2_0.id,c2_0.name,c2_0.password,c2_0.user_type,c2_0.username,lq4_0.id,lq4_0.annual_leave_quota,lq4_0.medical_leave_quota,lq4_0.name,lq4_0.role,lq4_0.leave_year,m4_0.id,m4_0.name,m4_0.password,m4_0.user_type,m4_0.username,lq5_0.id,lq5_0.annual_leave_quota,lq5_0.medical_leave_quota,lq5_0.name,lq5_0.role,lq5_0.leave_year,m4_0.manager_id,m4_0.ceo_id,cc1_0.end_time,cc1_0.hours,cc1_0.remarks,cc1_0.start_time,cc1_0.status,lq6_0.id,lq6_0.annual_leave_quota,lq6_0.medical_leave_quota,lq6_0.name,lq6_0.role,lq6_0.leave_year,m6_0.id,m6_0.name,m6_0.password,m6_0.user_type,m6_0.username,cl2_0.id,cl2_0.employee_id,lq7_0.id,lq7_0.annual_leave_quota,lq7_0.medical_leave_quota,lq7_0.name,lq7_0.role,lq7_0.leave_year,m6_0.manager_id,c4_0.id,c4_0.name,c4_0.password,c4_0.user_type,c4_0.username,cl3_0.id,cl3_0.employee_id,lq8_0.id,lq8_0.annual_leave_quota,lq8_0.medical_leave_quota,lq8_0.name,lq8_0.role,lq8_0.leave_year,c4_0.manager_id,c5_0.id,c5_0.name,c5_0.password,c5_0.user_type,c5_0.username,cl4_0.id,cl4_0.employee_id,lq9_0.id,lq9_0.annual_leave_quota,lq9_0.medical_leave_quota,lq9_0.name,lq9_0.role,lq9_0.leave_year,m9_0.id,m9_0.name,m9_0.password,m9_0.user_type,m9_0.username,cl5_0.id,cl5_0.employee_id,lq10_0.id,lq10_0.annual_leave_quota,lq10_0.medical_leave_quota,lq10_0.name,lq10_0.role,lq10_0.leave_year,m9_0.manager_id,m9_0.ceo_id from users e1_0 left join compensation_ledger cl1_0 on e1_0.id=cl1_0.employee_id left join compensation_claim cc1_0 on cl1_0.id=cc1_0.compensation_ledger_id left join users e2_0 on e2_0.id=cc1_0.employee_id left join leave_quota lq1_0 on lq1_0.id=e2_0.leave_quota_id left join users m1_0 on m1_0.id=e2_0.manager_id left join leave_quota lq2_0 on lq2_0.id=m1_0.leave_quota_id left join users c1_0 on c1_0.id=m1_0.ceo_id left join leave_quota lq3_0 on lq3_0.id=c1_0.leave_quota_id left join users c2_0 on c2_0.id=e2_0.ceo_id left join leave_quota lq4_0 on lq4_0.id=c2_0.leave_quota_id left join users m4_0 on m4_0.id=c2_0.manager_id left join leave_quota lq5_0 on lq5_0.id=m4_0.leave_quota_id left join leave_quota lq6_0 on lq6_0.id=e1_0.leave_quota_id left join users m6_0 on m6_0.id=e1_0.manager_id left join compensation_ledger cl2_0 on m6_0.id=cl2_0.employee_id left join leave_quota lq7_0 on lq7_0.id=m6_0.leave_quota_id left join users c4_0 on c4_0.id=m6_0.ceo_id left join compensation_ledger cl3_0 on c4_0.id=cl3_0.employee_id left join leave_quota lq8_0 on lq8_0.id=c4_0.leave_quota_id left join users c5_0 on c5_0.id=e1_0.ceo_id left join compensation_ledger cl4_0 on c5_0.id=cl4_0.employee_id left join leave_quota lq9_0 on lq9_0.id=c5_0.leave_quota_id left join users m9_0 on m9_0.id=c5_0.manager_id left join compensation_ledger cl5_0 on m9_0.id=cl5_0.employee_id left join leave_quota lq10_0 on lq10_0.id=m9_0.leave_quota_id where e1_0.user_type in ('Employee','Ceo','Manager') and e1_0.id=?
Hibernate: select l1_0.employee_id,l1_0.id,l1_0.comment,l1_0.contact,l1_0.duration,l1_0.end_date,l1_0.reason,l1_0.start_date,l1_0.status,l1_0.type,l1_0.work_dissemination from leave l1_0 where l1_0.employee_id=?
Hibernate: select cl1_0.compensation_ledger_id,cl1_1.id,cl1_1.comment,cl1_1.contact,cl1_1.duration,e1_0.id,e1_0.user_type,e1_0.name,e1_0.password,e1_0.user_type,e1_0.username,cl2_0.id,lq1_0.id,lq1_0.annual_leave_quota,lq1_0.medical_leave_quota,lq1_0.name,lq1_0.role,lq1_0.leave_year,m1_0.id,m1_0.name,m1_0.password,m1_0.user_type,m1_0.username,cl3_0.id,cl3_0.employee_id,lq2_0.id,lq2_0.annual_leave_quota,lq2_0.medical_leave_quota,lq2_0.name,lq2_0.role,lq2_0.leave_year,m1_0.manager_id,c1_0.id,c1_0.name,c1_0.password,c1_0.user_type,c1_0.username,cl4_0.id,cl4_0.employee_id,lq3_0.id,lq3_0.annual_leave_quota,lq3_0.medical_leave_quota,lq3_0.name,lq3_0.role,lq3_0.leave_year,c1_0.manager_id,c2_0.id,c2_0.name,c2_0.password,c2_0.user_type,c2_0.username,cl5_0.id,cl5_0.employee_id,lq4_0.id,lq4_0.annual_leave_quota,lq4_0.medical_leave_quota,lq4_0.name,lq4_0.role,lq4_0.leave_year,m4_0.id,m4_0.name,m4_0.password,m4_0.user_type,m4_0.username,cl6_0.id,cl6_0.employee_id,lq5_0.id,lq5_0.annual_leave_quota,lq5_0.medical_leave_quota,lq5_0.name,lq5_0.role,lq5_0.leave_year,m4_0.manager_id,m4_0.ceo_id,cl1_1.end_date,cl1_1.reason,cl1_1.start_date,cl1_1.status,cl1_1.type,cl1_1.work_dissemination from compensation_ledger_compensation_leave cl1_0 join leave cl1_1 on cl1_1.id=cl1_0.compensation_leave_id left join users e1_0 on e1_0.id=cl1_1.employee_id left join compensation_ledger cl2_0 on e1_0.id=cl2_0.employee_id left join leave_quota lq1_0 on lq1_0.id=e1_0.leave_quota_id left join users m1_0 on m1_0.id=e1_0.manager_id left join compensation_ledger cl3_0 on m1_0.id=cl3_0.employee_id left join leave_quota lq2_0 on lq2_0.id=m1_0.leave_quota_id left join users c1_0 on c1_0.id=m1_0.ceo_id left join compensation_ledger cl4_0 on c1_0.id=cl4_0.employee_id left join leave_quota lq3_0 on lq3_0.id=c1_0.leave_quota_id left join users c2_0 on c2_0.id=e1_0.ceo_id left join compensation_ledger cl5_0 on c2_0.id=cl5_0.employee_id left join leave_quota lq4_0 on lq4_0.id=c2_0.leave_quota_id left join users m4_0 on m4_0.id=c2_0.manager_id left join compensation_ledger cl6_0 on m4_0.id=cl6_0.employee_id left join leave_quota lq5_0 on lq5_0.id=m4_0.leave_quota_id where cl1_0.compensation_ledger_id=?
Hibernate: select c1_0.employee_id,c1_0.id,cl1_0.id,e1_0.id,e1_0.user_type,e1_0.name,e1_0.password,e1_0.user_type,e1_0.username,lq1_0.id,lq1_0.annual_leave_quota,lq1_0.medical_leave_quota,lq1_0.name,lq1_0.role,lq1_0.leave_year,m1_0.id,m1_0.name,m1_0.password,m1_0.user_type,m1_0.username,lq2_0.id,lq2_0.annual_leave_quota,lq2_0.medical_leave_quota,lq2_0.name,lq2_0.role,lq2_0.leave_year,m1_0.manager_id,c2_0.id,c2_0.name,c2_0.password,c2_0.user_type,c2_0.username,lq3_0.id,lq3_0.annual_leave_quota,lq3_0.medical_leave_quota,lq3_0.name,lq3_0.role,lq3_0.leave_year,c2_0.manager_id,c3_0.id,c3_0.name,c3_0.password,c3_0.user_type,c3_0.username,lq4_0.id,lq4_0.annual_leave_quota,lq4_0.medical_leave_quota,lq4_0.name,lq4_0.role,lq4_0.leave_year,m4_0.id,m4_0.name,m4_0.password,m4_0.user_type,m4_0.username,lq5_0.id,lq5_0.annual_leave_quota,lq5_0.medical_leave_quota,lq5_0.name,lq5_0.role,lq5_0.leave_year,m4_0.manager_id,m4_0.ceo_id,c1_0.date,c1_0.end_time,c1_0.hours,c1_0.remarks,c1_0.start_time,c1_0.status from compensation_claim c1_0 left join compensation_ledger cl1_0 on cl1_0.id=c1_0.compensation_ledger_id left join users e1_0 on e1_0.id=cl1_0.employee_id left join leave_quota lq1_0 on lq1_0.id=e1_0.leave_quota_id left join users m1_0 on m1_0.id=e1_0.manager_id left join leave_quota lq2_0 on lq2_0.id=m1_0.leave_quota_id left join users c2_0 on c2_0.id=m1_0.ceo_id left join leave_quota lq3_0 on lq3_0.id=c2_0.leave_quota_id left join users c3_0 on c3_0.id=e1_0.ceo_id left join leave_quota lq4_0 on lq4_0.id=c3_0.leave_quota_id left join users m4_0 on m4_0.id=c3_0.manager_id left join leave_quota lq5_0 on lq5_0.id=m4_0.leave_quota_id where c1_0.employee_id=?
Hibernate: select lq1_0.id,lq1_0.annual_leave_quota,lq1_0.medical_leave_quota,lq1_0.name,lq1_0.role,lq1_0.leave_year from leave_quota lq1_0 where lq1_0.id=?
Hibernate: select m1_0.id,m1_0.name,m1_0.password,m1_0.user_type,m1_0.username,cl1_0.id,cl1_0.employee_id,cc1_0.compensation_ledger_id,cc1_0.id,cc1_0.date,e2_0.id,e2_0.user_type,e2_0.name,e2_0.password,e2_0.user_type,e2_0.username,lq1_0.id,lq1_0.annual_leave_quota,lq1_0.medical_leave_quota,lq1_0.name,lq1_0.role,lq1_0.leave_year,m2_0.id,m2_0.name,m2_0.password,m2_0.user_type,m2_0.username,lq2_0.id,lq2_0.annual_leave_quota,lq2_0.medical_leave_quota,lq2_0.name,lq2_0.role,lq2_0.leave_year,m2_0.manager_id,c1_0.id,c1_0.name,c1_0.password,c1_0.user_type,c1_0.username,lq3_0.id,lq3_0.annual_leave_quota,lq3_0.medical_leave_quota,lq3_0.name,lq3_0.role,lq3_0.leave_year,c1_0.manager_id,c2_0.id,c2_0.name,c2_0.password,c2_0.user_type,c2_0.username,lq4_0.id,lq4_0.annual_leave_quota,lq4_0.medical_leave_quota,lq4_0.name,lq4_0.role,lq4_0.leave_year,m5_0.id,m5_0.name,m5_0.password,m5_0.user_type,m5_0.username,lq5_0.id,lq5_0.annual_leave_quota,lq5_0.medical_leave_quota,lq5_0.name,lq5_0.role,lq5_0.leave_year,m5_0.manager_id,m5_0.ceo_id,cc1_0.end_time,cc1_0.hours,cc1_0.remarks,cc1_0.start_time,cc1_0.status,lq6_0.id,lq6_0.annual_leave_quota,lq6_0.medical_leave_quota,lq6_0.name,lq6_0.role,lq6_0.leave_year,m7_0.id,m7_0.name,m7_0.password,m7_0.user_type,m7_0.username,cl2_0.id,cl2_0.employee_id,lq7_0.id,lq7_0.annual_leave_quota,lq7_0.medical_leave_quota,lq7_0.name,lq7_0.role,lq7_0.leave_year,m7_0.manager_id,c4_0.id,c4_0.name,c4_0.password,c4_0.user_type,c4_0.username,cl3_0.id,cl3_0.employee_id,lq8_0.id,lq8_0.annual_leave_quota,lq8_0.medical_leave_quota,lq8_0.name,lq8_0.role,lq8_0.leave_year,c4_0.manager_id,c5_0.id,c5_0.name,c5_0.password,c5_0.user_type,c5_0.username,cl4_0.id,cl4_0.employee_id,lq9_0.id,lq9_0.annual_leave_quota,lq9_0.medical_leave_quota,lq9_0.name,lq9_0.role,lq9_0.leave_year,m10_0.id,m10_0.name,m10_0.password,m10_0.user_type,m10_0.username,cl5_0.id,cl5_0.employee_id,lq10_0.id,lq10_0.annual_leave_quota,lq10_0.medical_leave_quota,lq10_0.name,lq10_0.role,lq10_0.leave_year,m10_0.manager_id,m10_0.ceo_id from users m1_0 left join compensation_ledger cl1_0 on m1_0.id=cl1_0.employee_id left join compensation_claim cc1_0 on cl1_0.id=cc1_0.compensation_ledger_id left join users e2_0 on e2_0.id=cc1_0.employee_id left join leave_quota lq1_0 on lq1_0.id=e2_0.leave_quota_id left join users m2_0 on m2_0.id=e2_0.manager_id left join leave_quota lq2_0 on lq2_0.id=m2_0.leave_quota_id left join users c1_0 on c1_0.id=m2_0.ceo_id left join leave_quota lq3_0 on lq3_0.id=c1_0.leave_quota_id left join users c2_0 on c2_0.id=e2_0.ceo_id left join leave_quota lq4_0 on lq4_0.id=c2_0.leave_quota_id left join users m5_0 on m5_0.id=c2_0.manager_id left join leave_quota lq5_0 on lq5_0.id=m5_0.leave_quota_id left join leave_quota lq6_0 on lq6_0.id=m1_0.leave_quota_id left join users m7_0 on m7_0.id=m1_0.manager_id left join compensation_ledger cl2_0 on m7_0.id=cl2_0.employee_id left join leave_quota lq7_0 on lq7_0.id=m7_0.leave_quota_id left join users c4_0 on c4_0.id=m7_0.ceo_id left join compensation_ledger cl3_0 on c4_0.id=cl3_0.employee_id left join leave_quota lq8_0 on lq8_0.id=c4_0.leave_quota_id left join users c5_0 on c5_0.id=m1_0.ceo_id left join compensation_ledger cl4_0 on c5_0.id=cl4_0.employee_id left join leave_quota lq9_0 on lq9_0.id=c5_0.leave_quota_id left join users m10_0 on m10_0.id=c5_0.manager_id left join compensation_ledger cl5_0 on m10_0.id=cl5_0.employee_id left join leave_quota lq10_0 on lq10_0.id=m10_0.leave_quota_id where m1_0.user_type='Manager' and m1_0.id=?
Hibernate: select l1_0.employee_id,l1_0.id,l1_0.comment,l1_0.contact,l1_0.duration,l1_0.end_date,l1_0.reason,l1_0.start_date,l1_0.status,l1_0.type,l1_0.work_dissemination from leave l1_0 where l1_0.employee_id=?
Hibernate: select cl1_0.compensation_ledger_id,cl1_1.id,cl1_1.comment,cl1_1.contact,cl1_1.duration,e1_0.id,e1_0.user_type,e1_0.name,e1_0.password,e1_0.user_type,e1_0.username,cl2_0.id,lq1_0.id,lq1_0.annual_leave_quota,lq1_0.medical_leave_quota,lq1_0.name,lq1_0.role,lq1_0.leave_year,m1_0.id,m1_0.name,m1_0.password,m1_0.user_type,m1_0.username,cl3_0.id,cl3_0.employee_id,lq2_0.id,lq2_0.annual_leave_quota,lq2_0.medical_leave_quota,lq2_0.name,lq2_0.role,lq2_0.leave_year,m1_0.manager_id,c1_0.id,c1_0.name,c1_0.password,c1_0.user_type,c1_0.username,cl4_0.id,cl4_0.employee_id,lq3_0.id,lq3_0.annual_leave_quota,lq3_0.medical_leave_quota,lq3_0.name,lq3_0.role,lq3_0.leave_year,c1_0.manager_id,c2_0.id,c2_0.name,c2_0.password,c2_0.user_type,c2_0.username,cl5_0.id,cl5_0.employee_id,lq4_0.id,lq4_0.annual_leave_quota,lq4_0.medical_leave_quota,lq4_0.name,lq4_0.role,lq4_0.leave_year,m4_0.id,m4_0.name,m4_0.password,m4_0.user_type,m4_0.username,cl6_0.id,cl6_0.employee_id,lq5_0.id,lq5_0.annual_leave_quota,lq5_0.medical_leave_quota,lq5_0.name,lq5_0.role,lq5_0.leave_year,m4_0.manager_id,m4_0.ceo_id,cl1_1.end_date,cl1_1.reason,cl1_1.start_date,cl1_1.status,cl1_1.type,cl1_1.work_dissemination from compensation_ledger_compensation_leave cl1_0 join leave cl1_1 on cl1_1.id=cl1_0.compensation_leave_id left join users e1_0 on e1_0.id=cl1_1.employee_id left join compensation_ledger cl2_0 on e1_0.id=cl2_0.employee_id left join leave_quota lq1_0 on lq1_0.id=e1_0.leave_quota_id left join users m1_0 on m1_0.id=e1_0.manager_id left join compensation_ledger cl3_0 on m1_0.id=cl3_0.employee_id left join leave_quota lq2_0 on lq2_0.id=m1_0.leave_quota_id left join users c1_0 on c1_0.id=m1_0.ceo_id left join compensation_ledger cl4_0 on c1_0.id=cl4_0.employee_id left join leave_quota lq3_0 on lq3_0.id=c1_0.leave_quota_id left join users c2_0 on c2_0.id=e1_0.ceo_id left join compensation_ledger cl5_0 on c2_0.id=cl5_0.employee_id left join leave_quota lq4_0 on lq4_0.id=c2_0.leave_quota_id left join users m4_0 on m4_0.id=c2_0.manager_id left join compensation_ledger cl6_0 on m4_0.id=cl6_0.employee_id left join leave_quota lq5_0 on lq5_0.id=m4_0.leave_quota_id where cl1_0.compensation_ledger_id=?
Hibernate: select cc1_0.compensation_ledger_id,cc1_0.id,cc1_0.date,e1_0.id,e1_0.user_type,e1_0.name,e1_0.password,e1_0.user_type,e1_0.username,cl2_0.id,lq1_0.id,lq1_0.annual_leave_quota,lq1_0.medical_leave_quota,lq1_0.name,lq1_0.role,lq1_0.leave_year,m1_0.id,m1_0.name,m1_0.password,m1_0.user_type,m1_0.username,cl3_0.id,cl3_0.employee_id,lq2_0.id,lq2_0.annual_leave_quota,lq2_0.medical_leave_quota,lq2_0.name,lq2_0.role,lq2_0.leave_year,m1_0.manager_id,c1_0.id,c1_0.name,c1_0.password,c1_0.user_type,c1_0.username,cl4_0.id,cl4_0.employee_id,lq3_0.id,lq3_0.annual_leave_quota,lq3_0.medical_leave_quota,lq3_0.name,lq3_0.role,lq3_0.leave_year,c1_0.manager_id,c2_0.id,c2_0.name,c2_0.password,c2_0.user_type,c2_0.username,cl5_0.id,cl5_0.employee_id,lq4_0.id,lq4_0.annual_leave_quota,lq4_0.medical_leave_quota,lq4_0.name,lq4_0.role,lq4_0.leave_year,m4_0.id,m4_0.name,m4_0.password,m4_0.user_type,m4_0.username,cl6_0.id,cl6_0.employee_id,lq5_0.id,lq5_0.annual_leave_quota,lq5_0.medical_leave_quota,lq5_0.name,lq5_0.role,lq5_0.leave_year,m4_0.manager_id,m4_0.ceo_id,cc1_0.end_time,cc1_0.hours,cc1_0.remarks,cc1_0.start_time,cc1_0.status from compensation_claim cc1_0 left join users e1_0 on e1_0.id=cc1_0.employee_id left join compensation_ledger cl2_0 on e1_0.id=cl2_0.employee_id left join leave_quota lq1_0 on lq1_0.id=e1_0.leave_quota_id left join users m1_0 on m1_0.id=e1_0.manager_id left join compensation_ledger cl3_0 on m1_0.id=cl3_0.employee_id left join leave_quota lq2_0 on lq2_0.id=m1_0.leave_quota_id left join users c1_0 on c1_0.id=m1_0.ceo_id left join compensation_ledger cl4_0 on c1_0.id=cl4_0.employee_id left join leave_quota lq3_0 on lq3_0.id=c1_0.leave_quota_id left join users c2_0 on c2_0.id=e1_0.ceo_id left join compensation_ledger cl5_0 on c2_0.id=cl5_0.employee_id left join leave_quota lq4_0 on lq4_0.id=c2_0.leave_quota_id left join users m4_0 on m4_0.id=c2_0.manager_id left join compensation_ledger cl6_0 on m4_0.id=cl6_0.employee_id left join leave_quota lq5_0 on lq5_0.id=m4_0.leave_quota_id where cc1_0.compensation_ledger_id=?
Hibernate: select c1_0.employee_id,c1_0.id,cl1_0.id,e1_0.id,e1_0.user_type,e1_0.name,e1_0.password,e1_0.user_type,e1_0.username,lq1_0.id,lq1_0.annual_leave_quota,lq1_0.medical_leave_quota,lq1_0.name,lq1_0.role,lq1_0.leave_year,m1_0.id,m1_0.name,m1_0.password,m1_0.user_type,m1_0.username,lq2_0.id,lq2_0.annual_leave_quota,lq2_0.medical_leave_quota,lq2_0.name,lq2_0.role,lq2_0.leave_year,m1_0.manager_id,c2_0.id,c2_0.name,c2_0.password,c2_0.user_type,c2_0.username,lq3_0.id,lq3_0.annual_leave_quota,lq3_0.medical_leave_quota,lq3_0.name,lq3_0.role,lq3_0.leave_year,c2_0.manager_id,c3_0.id,c3_0.name,c3_0.password,c3_0.user_type,c3_0.username,lq4_0.id,lq4_0.annual_leave_quota,lq4_0.medical_leave_quota,lq4_0.name,lq4_0.role,lq4_0.leave_year,m4_0.id,m4_0.name,m4_0.password,m4_0.user_type,m4_0.username,lq5_0.id,lq5_0.annual_leave_quota,lq5_0.medical_leave_quota,lq5_0.name,lq5_0.role,lq5_0.leave_year,m4_0.manager_id,m4_0.ceo_id,c1_0.date,c1_0.end_time,c1_0.hours,c1_0.remarks,c1_0.start_time,c1_0.status from compensation_claim c1_0 left join compensation_ledger cl1_0 on cl1_0.id=c1_0.compensation_ledger_id left join users e1_0 on e1_0.id=cl1_0.employee_id left join leave_quota lq1_0 on lq1_0.id=e1_0.leave_quota_id left join users m1_0 on m1_0.id=e1_0.manager_id left join leave_quota lq2_0 on lq2_0.id=m1_0.leave_quota_id left join users c2_0 on c2_0.id=m1_0.ceo_id left join leave_quota lq3_0 on lq3_0.id=c2_0.leave_quota_id left join users c3_0 on c3_0.id=e1_0.ceo_id left join leave_quota lq4_0 on lq4_0.id=c3_0.leave_quota_id left join users m4_0 on m4_0.id=c3_0.manager_id left join leave_quota lq5_0 on lq5_0.id=m4_0.leave_quota_id where c1_0.employee_id=?
Hibernate: select l1_0.employee_id,l1_0.id,l1_0.comment,l1_0.contact,l1_0.duration,l1_0.end_date,l1_0.reason,l1_0.start_date,l1_0.status,l1_0.type,l1_0.work_dissemination from leave l1_0 where l1_0.employee_id=?
Hibernate: select cl1_0.compensation_ledger_id,cl1_1.id,cl1_1.comment,cl1_1.contact,cl1_1.duration,e1_0.id,e1_0.user_type,e1_0.name,e1_0.password,e1_0.user_type,e1_0.username,cl2_0.id,lq1_0.id,lq1_0.annual_leave_quota,lq1_0.medical_leave_quota,lq1_0.name,lq1_0.role,lq1_0.leave_year,m1_0.id,m1_0.name,m1_0.password,m1_0.user_type,m1_0.username,cl3_0.id,cl3_0.employee_id,lq2_0.id,lq2_0.annual_leave_quota,lq2_0.medical_leave_quota,lq2_0.name,lq2_0.role,lq2_0.leave_year,m1_0.manager_id,c1_0.id,c1_0.name,c1_0.password,c1_0.user_type,c1_0.username,cl4_0.id,cl4_0.employee_id,lq3_0.id,lq3_0.annual_leave_quota,lq3_0.medical_leave_quota,lq3_0.name,lq3_0.role,lq3_0.leave_year,c1_0.manager_id,c2_0.id,c2_0.name,c2_0.password,c2_0.user_type,c2_0.username,cl5_0.id,cl5_0.employee_id,lq4_0.id,lq4_0.annual_leave_quota,lq4_0.medical_leave_quota,lq4_0.name,lq4_0.role,lq4_0.leave_year,m4_0.id,m4_0.name,m4_0.password,m4_0.user_type,m4_0.username,cl6_0.id,cl6_0.employee_id,lq5_0.id,lq5_0.annual_leave_quota,lq5_0.medical_leave_quota,lq5_0.name,lq5_0.role,lq5_0.leave_year,m4_0.manager_id,m4_0.ceo_id,cl1_1.end_date,cl1_1.reason,cl1_1.start_date,cl1_1.status,cl1_1.type,cl1_1.work_dissemination from compensation_ledger_compensation_leave cl1_0 join leave cl1_1 on cl1_1.id=cl1_0.compensation_leave_id left join users e1_0 on e1_0.id=cl1_1.employee_id left join compensation_ledger cl2_0 on e1_0.id=cl2_0.employee_id left join leave_quota lq1_0 on lq1_0.id=e1_0.leave_quota_id left join users m1_0 on m1_0.id=e1_0.manager_id left join compensation_ledger cl3_0 on m1_0.id=cl3_0.employee_id left join leave_quota lq2_0 on lq2_0.id=m1_0.leave_quota_id left join users c1_0 on c1_0.id=m1_0.ceo_id left join compensation_ledger cl4_0 on c1_0.id=cl4_0.employee_id left join leave_quota lq3_0 on lq3_0.id=c1_0.leave_quota_id left join users c2_0 on c2_0.id=e1_0.ceo_id left join compensation_ledger cl5_0 on c2_0.id=cl5_0.employee_id left join leave_quota lq4_0 on lq4_0.id=c2_0.leave_quota_id left join users m4_0 on m4_0.id=c2_0.manager_id left join compensation_ledger cl6_0 on m4_0.id=cl6_0.employee_id left join leave_quota lq5_0 on lq5_0.id=m4_0.leave_quota_id where cl1_0.compensation_ledger_id=?
Hibernate: select c1_0.employee_id,c1_0.id,cl1_0.id,e1_0.id,e1_0.user_type,e1_0.name,e1_0.password,e1_0.user_type,e1_0.username,lq1_0.id,lq1_0.annual_leave_quota,lq1_0.medical_leave_quota,lq1_0.name,lq1_0.role,lq1_0.leave_year,m1_0.id,m1_0.name,m1_0.password,m1_0.user_type,m1_0.username,lq2_0.id,lq2_0.annual_leave_quota,lq2_0.medical_leave_quota,lq2_0.name,lq2_0.role,lq2_0.leave_year,m1_0.manager_id,c2_0.id,c2_0.name,c2_0.password,c2_0.user_type,c2_0.username,lq3_0.id,lq3_0.annual_leave_quota,lq3_0.medical_leave_quota,lq3_0.name,lq3_0.role,lq3_0.leave_year,c2_0.manager_id,c3_0.id,c3_0.name,c3_0.password,c3_0.user_type,c3_0.username,lq4_0.id,lq4_0.annual_leave_quota,lq4_0.medical_leave_quota,lq4_0.name,lq4_0.role,lq4_0.leave_year,m4_0.id,m4_0.name,m4_0.password,m4_0.user_type,m4_0.username,lq5_0.id,lq5_0.annual_leave_quota,lq5_0.medical_leave_quota,lq5_0.name,lq5_0.role,lq5_0.leave_year,m4_0.manager_id,m4_0.ceo_id,c1_0.date,c1_0.end_time,c1_0.hours,c1_0.remarks,c1_0.start_time,c1_0.status from compensation_claim c1_0 left join compensation_ledger cl1_0 on cl1_0.id=c1_0.compensation_ledger_id left join users e1_0 on e1_0.id=cl1_0.employee_id left join leave_quota lq1_0 on lq1_0.id=e1_0.leave_quota_id left join users m1_0 on m1_0.id=e1_0.manager_id left join leave_quota lq2_0 on lq2_0.id=m1_0.leave_quota_id left join users c2_0 on c2_0.id=m1_0.ceo_id left join leave_quota lq3_0 on lq3_0.id=c2_0.leave_quota_id left join users c3_0 on c3_0.id=e1_0.ceo_id left join leave_quota lq4_0 on lq4_0.id=c3_0.leave_quota_id left join users m4_0 on m4_0.id=c3_0.manager_id left join leave_quota lq5_0 on lq5_0.id=m4_0.leave_quota_id where c1_0.employee_id=?
Hibernate: update users set name=?,password=?,username=?,leave_quota_id=?,manager_id=? where id=?
Hibernate: select e1_0.id,e1_0.user_type,e1_0.name,e1_0.password,e1_0.username,cl1_0.id,cc1_0.compensation_ledger_id,cc1_0.id,cc1_0.date,e2_0.id,e2_0.user_type,e2_0.name,e2_0.password,e2_0.user_type,e2_0.username,lq1_0.id,lq1_0.annual_leave_quota,lq1_0.medical_leave_quota,lq1_0.name,lq1_0.role,lq1_0.leave_year,m1_0.id,m1_0.name,m1_0.password,m1_0.user_type,m1_0.username,lq2_0.id,lq2_0.annual_leave_quota,lq2_0.medical_leave_quota,lq2_0.name,lq2_0.role,lq2_0.leave_year,m1_0.manager_id,c1_0.id,c1_0.name,c1_0.password,c1_0.user_type,c1_0.username,lq3_0.id,lq3_0.annual_leave_quota,lq3_0.medical_leave_quota,lq3_0.name,lq3_0.role,lq3_0.leave_year,c1_0.manager_id,c2_0.id,c2_0.name,c2_0.password,c2_0.user_type,c2_0.username,lq4_0.id,lq4_0.annual_leave_quota,lq4_0.medical_leave_quota,lq4_0.name,lq4_0.role,lq4_0.leave_year,m4_0.id,m4_0.name,m4_0.password,m4_0.user_type,m4_0.username,lq5_0.id,lq5_0.annual_leave_quota,lq5_0.medical_leave_quota,lq5_0.name,lq5_0.role,lq5_0.leave_year,m4_0.manager_id,m4_0.ceo_id,cc1_0.end_time,cc1_0.hours,cc1_0.remarks,cc1_0.start_time,cc1_0.status,lq6_0.id,lq6_0.annual_leave_quota,lq6_0.medical_leave_quota,lq6_0.name,lq6_0.role,lq6_0.leave_year,m6_0.id,m6_0.name,m6_0.password,m6_0.user_type,m6_0.username,cl2_0.id,cl2_0.employee_id,lq7_0.id,lq7_0.annual_leave_quota,lq7_0.medical_leave_quota,lq7_0.name,lq7_0.role,lq7_0.leave_year,m6_0.manager_id,c4_0.id,c4_0.name,c4_0.password,c4_0.user_type,c4_0.username,cl3_0.id,cl3_0.employee_id,lq8_0.id,lq8_0.annual_leave_quota,lq8_0.medical_leave_quota,lq8_0.name,lq8_0.role,lq8_0.leave_year,c4_0.manager_id,c5_0.id,c5_0.name,c5_0.password,c5_0.user_type,c5_0.username,cl4_0.id,cl4_0.employee_id,lq9_0.id,lq9_0.annual_leave_quota,lq9_0.medical_leave_quota,lq9_0.name,lq9_0.role,lq9_0.leave_year,m9_0.id,m9_0.name,m9_0.password,m9_0.user_type,m9_0.username,cl5_0.id,cl5_0.employee_id,lq10_0.id,lq10_0.annual_leave_quota,lq10_0.medical_leave_quota,lq10_0.name,lq10_0.role,lq10_0.leave_year,m9_0.manager_id,m9_0.ceo_id from users e1_0 left join compensation_ledger cl1_0 on e1_0.id=cl1_0.employee_id left join compensation_claim cc1_0 on cl1_0.id=cc1_0.compensation_ledger_id left join users e2_0 on e2_0.id=cc1_0.employee_id left join leave_quota lq1_0 on lq1_0.id=e2_0.leave_quota_id left join users m1_0 on m1_0.id=e2_0.manager_id left join leave_quota lq2_0 on lq2_0.id=m1_0.leave_quota_id left join users c1_0 on c1_0.id=m1_0.ceo_id left join leave_quota lq3_0 on lq3_0.id=c1_0.leave_quota_id left join users c2_0 on c2_0.id=e2_0.ceo_id left join leave_quota lq4_0 on lq4_0.id=c2_0.leave_quota_id left join users m4_0 on m4_0.id=c2_0.manager_id left join leave_quota lq5_0 on lq5_0.id=m4_0.leave_quota_id left join leave_quota lq6_0 on lq6_0.id=e1_0.leave_quota_id left join users m6_0 on m6_0.id=e1_0.manager_id left join compensation_ledger cl2_0 on m6_0.id=cl2_0.employee_id left join leave_quota lq7_0 on lq7_0.id=m6_0.leave_quota_id left join users c4_0 on c4_0.id=m6_0.ceo_id left join compensation_ledger cl3_0 on c4_0.id=cl3_0.employee_id left join leave_quota lq8_0 on lq8_0.id=c4_0.leave_quota_id left join users c5_0 on c5_0.id=e1_0.ceo_id left join compensation_ledger cl4_0 on c5_0.id=cl4_0.employee_id left join leave_quota lq9_0 on lq9_0.id=c5_0.leave_quota_id left join users m9_0 on m9_0.id=c5_0.manager_id left join compensation_ledger cl5_0 on m9_0.id=cl5_0.employee_id left join leave_quota lq10_0 on lq10_0.id=m9_0.leave_quota_id where e1_0.user_type in ('Employee','Ceo','Manager') and e1_0.id=?
Hibernate: select l1_0.employee_id,l1_0.id,l1_0.comment,l1_0.contact,l1_0.duration,l1_0.end_date,l1_0.reason,l1_0.start_date,l1_0.status,l1_0.type,l1_0.work_dissemination from leave l1_0 where l1_0.employee_id=?
Hibernate: select cl1_0.compensation_ledger_id,cl1_1.id,cl1_1.comment,cl1_1.contact,cl1_1.duration,e1_0.id,e1_0.user_type,e1_0.name,e1_0.password,e1_0.user_type,e1_0.username,cl2_0.id,lq1_0.id,lq1_0.annual_leave_quota,lq1_0.medical_leave_quota,lq1_0.name,lq1_0.role,lq1_0.leave_year,m1_0.id,m1_0.name,m1_0.password,m1_0.user_type,m1_0.username,cl3_0.id,cl3_0.employee_id,lq2_0.id,lq2_0.annual_leave_quota,lq2_0.medical_leave_quota,lq2_0.name,lq2_0.role,lq2_0.leave_year,m1_0.manager_id,c1_0.id,c1_0.name,c1_0.password,c1_0.user_type,c1_0.username,cl4_0.id,cl4_0.employee_id,lq3_0.id,lq3_0.annual_leave_quota,lq3_0.medical_leave_quota,lq3_0.name,lq3_0.role,lq3_0.leave_year,c1_0.manager_id,c2_0.id,c2_0.name,c2_0.password,c2_0.user_type,c2_0.username,cl5_0.id,cl5_0.employee_id,lq4_0.id,lq4_0.annual_leave_quota,lq4_0.medical_leave_quota,lq4_0.name,lq4_0.role,lq4_0.leave_year,m4_0.id,m4_0.name,m4_0.password,m4_0.user_type,m4_0.username,cl6_0.id,cl6_0.employee_id,lq5_0.id,lq5_0.annual_leave_quota,lq5_0.medical_leave_quota,lq5_0.name,lq5_0.role,lq5_0.leave_year,m4_0.manager_id,m4_0.ceo_id,cl1_1.end_date,cl1_1.reason,cl1_1.start_date,cl1_1.status,cl1_1.type,cl1_1.work_dissemination from compensation_ledger_compensation_leave cl1_0 join leave cl1_1 on cl1_1.id=cl1_0.compensation_leave_id left join users e1_0 on e1_0.id=cl1_1.employee_id left join compensation_ledger cl2_0 on e1_0.id=cl2_0.employee_id left join leave_quota lq1_0 on lq1_0.id=e1_0.leave_quota_id left join users m1_0 on m1_0.id=e1_0.manager_id left join compensation_ledger cl3_0 on m1_0.id=cl3_0.employee_id left join leave_quota lq2_0 on lq2_0.id=m1_0.leave_quota_id left join users c1_0 on c1_0.id=m1_0.ceo_id left join compensation_ledger cl4_0 on c1_0.id=cl4_0.employee_id left join leave_quota lq3_0 on lq3_0.id=c1_0.leave_quota_id left join users c2_0 on c2_0.id=e1_0.ceo_id left join compensation_ledger cl5_0 on c2_0.id=cl5_0.employee_id left join leave_quota lq4_0 on lq4_0.id=c2_0.leave_quota_id left join users m4_0 on m4_0.id=c2_0.manager_id left join compensation_ledger cl6_0 on m4_0.id=cl6_0.employee_id left join leave_quota lq5_0 on lq5_0.id=m4_0.leave_quota_id where cl1_0.compensation_ledger_id=?
Hibernate: select c1_0.employee_id,c1_0.id,cl1_0.id,e1_0.id,e1_0.user_type,e1_0.name,e1_0.password,e1_0.user_type,e1_0.username,lq1_0.id,lq1_0.annual_leave_quota,lq1_0.medical_leave_quota,lq1_0.name,lq1_0.role,lq1_0.leave_year,m1_0.id,m1_0.name,m1_0.password,m1_0.user_type,m1_0.username,lq2_0.id,lq2_0.annual_leave_quota,lq2_0.medical_leave_quota,lq2_0.name,lq2_0.role,lq2_0.leave_year,m1_0.manager_id,c2_0.id,c2_0.name,c2_0.password,c2_0.user_type,c2_0.username,lq3_0.id,lq3_0.annual_leave_quota,lq3_0.medical_leave_quota,lq3_0.name,lq3_0.role,lq3_0.leave_year,c2_0.manager_id,c3_0.id,c3_0.name,c3_0.password,c3_0.user_type,c3_0.username,lq4_0.id,lq4_0.annual_leave_quota,lq4_0.medical_leave_quota,lq4_0.name,lq4_0.role,lq4_0.leave_year,m4_0.id,m4_0.name,m4_0.password,m4_0.user_type,m4_0.username,lq5_0.id,lq5_0.annual_leave_quota,lq5_0.medical_leave_quota,lq5_0.name,lq5_0.role,lq5_0.leave_year,m4_0.manager_id,m4_0.ceo_id,c1_0.date,c1_0.end_time,c1_0.hours,c1_0.remarks,c1_0.start_time,c1_0.status from compensation_claim c1_0 left join compensation_ledger cl1_0 on cl1_0.id=c1_0.compensation_ledger_id left join users e1_0 on e1_0.id=cl1_0.employee_id left join leave_quota lq1_0 on lq1_0.id=e1_0.leave_quota_id left join users m1_0 on m1_0.id=e1_0.manager_id left join leave_quota lq2_0 on lq2_0.id=m1_0.leave_quota_id left join users c2_0 on c2_0.id=m1_0.ceo_id left join leave_quota lq3_0 on lq3_0.id=c2_0.leave_quota_id left join users c3_0 on c3_0.id=e1_0.ceo_id left join leave_quota lq4_0 on lq4_0.id=c3_0.leave_quota_id left join users m4_0 on m4_0.id=c3_0.manager_id left join leave_quota lq5_0 on lq5_0.id=m4_0.leave_quota_id where c1_0.employee_id=?
Hibernate: select lq1_0.id,lq1_0.annual_leave_quota,lq1_0.medical_leave_quota,lq1_0.name,lq1_0.role,lq1_0.leave_year from leave_quota lq1_0 where lq1_0.id=?
Hibernate: select m1_0.id,m1_0.name,m1_0.password,m1_0.user_type,m1_0.username,cl1_0.id,cl1_0.employee_id,cc1_0.compensation_ledger_id,cc1_0.id,cc1_0.date,e2_0.id,e2_0.user_type,e2_0.name,e2_0.password,e2_0.user_type,e2_0.username,lq1_0.id,lq1_0.annual_leave_quota,lq1_0.medical_leave_quota,lq1_0.name,lq1_0.role,lq1_0.leave_year,m2_0.id,m2_0.name,m2_0.password,m2_0.user_type,m2_0.username,lq2_0.id,lq2_0.annual_leave_quota,lq2_0.medical_leave_quota,lq2_0.name,lq2_0.role,lq2_0.leave_year,m2_0.manager_id,c1_0.id,c1_0.name,c1_0.password,c1_0.user_type,c1_0.username,lq3_0.id,lq3_0.annual_leave_quota,lq3_0.medical_leave_quota,lq3_0.name,lq3_0.role,lq3_0.leave_year,c1_0.manager_id,c2_0.id,c2_0.name,c2_0.password,c2_0.user_type,c2_0.username,lq4_0.id,lq4_0.annual_leave_quota,lq4_0.medical_leave_quota,lq4_0.name,lq4_0.role,lq4_0.leave_year,m5_0.id,m5_0.name,m5_0.password,m5_0.user_type,m5_0.username,lq5_0.id,lq5_0.annual_leave_quota,lq5_0.medical_leave_quota,lq5_0.name,lq5_0.role,lq5_0.leave_year,m5_0.manager_id,m5_0.ceo_id,cc1_0.end_time,cc1_0.hours,cc1_0.remarks,cc1_0.start_time,cc1_0.status,lq6_0.id,lq6_0.annual_leave_quota,lq6_0.medical_leave_quota,lq6_0.name,lq6_0.role,lq6_0.leave_year,m7_0.id,m7_0.name,m7_0.password,m7_0.user_type,m7_0.username,cl2_0.id,cl2_0.employee_id,lq7_0.id,lq7_0.annual_leave_quota,lq7_0.medical_leave_quota,lq7_0.name,lq7_0.role,lq7_0.leave_year,m7_0.manager_id,c4_0.id,c4_0.name,c4_0.password,c4_0.user_type,c4_0.username,cl3_0.id,cl3_0.employee_id,lq8_0.id,lq8_0.annual_leave_quota,lq8_0.medical_leave_quota,lq8_0.name,lq8_0.role,lq8_0.leave_year,c4_0.manager_id,c5_0.id,c5_0.name,c5_0.password,c5_0.user_type,c5_0.username,cl4_0.id,cl4_0.employee_id,lq9_0.id,lq9_0.annual_leave_quota,lq9_0.medical_leave_quota,lq9_0.name,lq9_0.role,lq9_0.leave_year,m10_0.id,m10_0.name,m10_0.password,m10_0.user_type,m10_0.username,cl5_0.id,cl5_0.employee_id,lq10_0.id,lq10_0.annual_leave_quota,lq10_0.medical_leave_quota,lq10_0.name,lq10_0.role,lq10_0.leave_year,m10_0.manager_id,m10_0.ceo_id from users m1_0 left join compensation_ledger cl1_0 on m1_0.id=cl1_0.employee_id left join compensation_claim cc1_0 on cl1_0.id=cc1_0.compensation_ledger_id left join users e2_0 on e2_0.id=cc1_0.employee_id left join leave_quota lq1_0 on lq1_0.id=e2_0.leave_quota_id left join users m2_0 on m2_0.id=e2_0.manager_id left join leave_quota lq2_0 on lq2_0.id=m2_0.leave_quota_id left join users c1_0 on c1_0.id=m2_0.ceo_id left join leave_quota lq3_0 on lq3_0.id=c1_0.leave_quota_id left join users c2_0 on c2_0.id=e2_0.ceo_id left join leave_quota lq4_0 on lq4_0.id=c2_0.leave_quota_id left join users m5_0 on m5_0.id=c2_0.manager_id left join leave_quota lq5_0 on lq5_0.id=m5_0.leave_quota_id left join leave_quota lq6_0 on lq6_0.id=m1_0.leave_quota_id left join users m7_0 on m7_0.id=m1_0.manager_id left join compensation_ledger cl2_0 on m7_0.id=cl2_0.employee_id left join leave_quota lq7_0 on lq7_0.id=m7_0.leave_quota_id left join users c4_0 on c4_0.id=m7_0.ceo_id left join compensation_ledger cl3_0 on c4_0.id=cl3_0.employee_id left join leave_quota lq8_0 on lq8_0.id=c4_0.leave_quota_id left join users c5_0 on c5_0.id=m1_0.ceo_id left join compensation_ledger cl4_0 on c5_0.id=cl4_0.employee_id left join leave_quota lq9_0 on lq9_0.id=c5_0.leave_quota_id left join users m10_0 on m10_0.id=c5_0.manager_id left join compensation_ledger cl5_0 on m10_0.id=cl5_0.employee_id left join leave_quota lq10_0 on lq10_0.id=m10_0.leave_quota_id where m1_0.user_type='Manager' and m1_0.id=?
Hibernate: select l1_0.employee_id,l1_0.id,l1_0.comment,l1_0.contact,l1_0.duration,l1_0.end_date,l1_0.reason,l1_0.start_date,l1_0.status,l1_0.type,l1_0.work_dissemination from leave l1_0 where l1_0.employee_id=?
Hibernate: select cl1_0.compensation_ledger_id,cl1_1.id,cl1_1.comment,cl1_1.contact,cl1_1.duration,e1_0.id,e1_0.user_type,e1_0.name,e1_0.password,e1_0.user_type,e1_0.username,cl2_0.id,lq1_0.id,lq1_0.annual_leave_quota,lq1_0.medical_leave_quota,lq1_0.name,lq1_0.role,lq1_0.leave_year,m1_0.id,m1_0.name,m1_0.password,m1_0.user_type,m1_0.username,cl3_0.id,cl3_0.employee_id,lq2_0.id,lq2_0.annual_leave_quota,lq2_0.medical_leave_quota,lq2_0.name,lq2_0.role,lq2_0.leave_year,m1_0.manager_id,c1_0.id,c1_0.name,c1_0.password,c1_0.user_type,c1_0.username,cl4_0.id,cl4_0.employee_id,lq3_0.id,lq3_0.annual_leave_quota,lq3_0.medical_leave_quota,lq3_0.name,lq3_0.role,lq3_0.leave_year,c1_0.manager_id,c2_0.id,c2_0.name,c2_0.password,c2_0.user_type,c2_0.username,cl5_0.id,cl5_0.employee_id,lq4_0.id,lq4_0.annual_leave_quota,lq4_0.medical_leave_quota,lq4_0.name,lq4_0.role,lq4_0.leave_year,m4_0.id,m4_0.name,m4_0.password,m4_0.user_type,m4_0.username,cl6_0.id,cl6_0.employee_id,lq5_0.id,lq5_0.annual_leave_quota,lq5_0.medical_leave_quota,lq5_0.name,lq5_0.role,lq5_0.leave_year,m4_0.manager_id,m4_0.ceo_id,cl1_1.end_date,cl1_1.reason,cl1_1.start_date,cl1_1.status,cl1_1.type,cl1_1.work_dissemination from compensation_ledger_compensation_leave cl1_0 join leave cl1_1 on cl1_1.id=cl1_0.compensation_leave_id left join users e1_0 on e1_0.id=cl1_1.employee_id left join compensation_ledger cl2_0 on e1_0.id=cl2_0.employee_id left join leave_quota lq1_0 on lq1_0.id=e1_0.leave_quota_id left join users m1_0 on m1_0.id=e1_0.manager_id left join compensation_ledger cl3_0 on m1_0.id=cl3_0.employee_id left join leave_quota lq2_0 on lq2_0.id=m1_0.leave_quota_id left join users c1_0 on c1_0.id=m1_0.ceo_id left join compensation_ledger cl4_0 on c1_0.id=cl4_0.employee_id left join leave_quota lq3_0 on lq3_0.id=c1_0.leave_quota_id left join users c2_0 on c2_0.id=e1_0.ceo_id left join compensation_ledger cl5_0 on c2_0.id=cl5_0.employee_id left join leave_quota lq4_0 on lq4_0.id=c2_0.leave_quota_id left join users m4_0 on m4_0.id=c2_0.manager_id left join compensation_ledger cl6_0 on m4_0.id=cl6_0.employee_id left join leave_quota lq5_0 on lq5_0.id=m4_0.leave_quota_id where cl1_0.compensation_ledger_id=?
[...]
Hibernate: select c1_0.employee_id,c1_0.id,cl1_0.id,e1_0.id,e1_0.user_type,e1_0.name,e1_0.password,e1_0.user_type,e1_0.username,lq1_0.id,lq1_0.annual_leave_quota,lq1_0.medical_leave_quota,lq1_0.name,lq1_0.role,lq1_0.leave_year,m1_0.id,m1_0.name,m1_0.password,m1_0.user_type,m1_0.username,lq2_0.id,lq2_0.annual_leave_quota,lq2_0.medical_leave_quota,lq2_0.name,lq2_0.role,lq2_0.leave_year,m1_0.manager_id,c2_0.id,c2_0.name,c2_0.password,c2_0.user_type,c2_0.username,lq3_0.id,lq3_0.annual_leave_quota,lq3_0.medical_leave_quota,lq3_0.name,lq3_0.role,lq3_0.leave_year,c2_0.manager_id,c3_0.id,c3_0.name,c3_0.password,c3_0.user_type,c3_0.username,lq4_0.id,lq4_0.annual_leave_quota,lq4_0.medical_leave_quota,lq4_0.name,lq4_0.role,lq4_0.leave_year,m4_0.id,m4_0.name,m4_0.password,m4_0.user_type,m4_0.username,lq5_0.id,lq5_0.annual_leave_quota,lq5_0.medical_leave_quota,lq5_0.name,lq5_0.role,lq5_0.leave_year,m4_0.manager_id,m4_0.ceo_id,c1_0.date,c1_0.end_time,c1_0.hours,c1_0.remarks,c1_0.start_time,c1_0.status from compensation_claim c1_0 left join compensation_ledger cl1_0 on cl1_0.id=c1_0.compensation_ledger_id left join users e1_0 on e1_0.id=cl1_0.employee_id left join leave_quota lq1_0 on lq1_0.id=e1_0.leave_quota_id left join users m1_0 on m1_0.id=e1_0.manager_id left join leave_quota lq2_0 on lq2_0.id=m1_0.leave_quota_id left join users c2_0 on c2_0.id=m1_0.ceo_id left join leave_quota lq3_0 on lq3_0.id=c2_0.leave_quota_id left join users c3_0 on c3_0.id=e1_0.ceo_id left join leave_quota lq4_0 on lq4_0.id=c3_0.leave_quota_id left join users m4_0 on m4_0.id=c3_0.manager_id left join leave_quota lq5_0 on lq5_0.id=m4_0.leave_quota_id where c1_0.employee_id=?
Hibernate: select l1_0.employee_id,l1_0.id,l1_0.comment,l1_0.contact,l1_0.duration,l1_0.end_date,l1_0.reason,l1_0.start_date,l1_0.status,l1_0.type,l1_0.work_dissemination from leave l1_0 where l1_0.employee_id=?
Hibernate: select cl1_0.compensation_ledger_id,cl1_1.id,cl1_1.comment,cl1_1.contact,cl1_1.duration,e1_0.id,e1_0.user_type,e1_0.name,e1_0.password,e1_0.user_type,e1_0.username,cl2_0.id,lq1_0.id,lq1_0.annual_leave_quota,lq1_0.medical_leave_quota,lq1_0.name,lq1_0.role,lq1_0.leave_year,m1_0.id,m1_0.name,m1_0.password,m1_0.user_type,m1_0.username,cl3_0.id,cl3_0.employee_id,lq2_0.id,lq2_0.annual_leave_quota,lq2_0.medical_leave_quota,lq2_0.name,lq2_0.role,lq2_0.leave_year,m1_0.manager_id,c1_0.id,c1_0.name,c1_0.password,c1_0.user_type,c1_0.username,cl4_0.id,cl4_0.employee_id,lq3_0.id,lq3_0.annual_leave_quota,lq3_0.medical_leave_quota,lq3_0.name,lq3_0.role,lq3_0.leave_year,c1_0.manager_id,c2_0.id,c2_0.name,c2_0.password,c2_0.user_type,c2_0.username,cl5_0.id,cl5_0.employee_id,lq4_0.id,lq4_0.annual_leave_quota,lq4_0.medical_leave_quota,lq4_0.name,lq4_0.role,lq4_0.leave_year,m4_0.id,m4_0.name,m4_0.password,m4_0.user_type,m4_0.username,cl6_0.id,cl6_0.employee_id,lq5_0.id,lq5_0.annual_leave_quota,lq5_0.medical_leave_quota,lq5_0.name,lq5_0.role,lq5_0.leave_year,m4_0.manager_id,m4_0.ceo_id,cl1_1.end_date,cl1_1.reason,cl1_1.start_date,cl1_1.status,cl1_1.type,cl1_1.work_dissemination from compensation_ledger_compensation_leave cl1_0 join leave cl1_1 on cl1_1.id=cl1_0.compensation_leave_id left join users e1_0 on e1_0.id=cl1_1.employee_id left join compensation_ledger cl2_0 on e1_0.id=cl2_0.employee_id left join leave_quota lq1_0 on lq1_0.id=e1_0.leave_quota_id left join users m1_0 on m1_0.id=e1_0.manager_id left join compensation_ledger cl3_0 on m1_0.id=cl3_0.employee_id left join leave_quota lq2_0 on lq2_0.id=m1_0.leave_quota_id left join users c1_0 on c1_0.id=m1_0.ceo_id left join compensation_ledger cl4_0 on c1_0.id=cl4_0.employee_id left join leave_quota lq3_0 on lq3_0.id=c1_0.leave_quota_id left join users c2_0 on c2_0.id=e1_0.ceo_id left join compensation_ledger cl5_0 on c2_0.id=cl5_0.employee_id left join leave_quota lq4_0 on lq4_0.id=c2_0.leave_quota_id left join users m4_0 on m4_0.id=c2_0.manager_id left join compensation_ledger cl6_0 on m4_0.id=cl6_0.employee_id left join leave_quota lq5_0 on lq5_0.id=m4_0.leave_quota_id where cl1_0.compensation_ledger_id=?
Hibernate: select cc1_0.compensation_ledger_id,cc1_0.id,cc1_0.date,e1_0.id,e1_0.user_type,e1_0.name,e1_0.password,e1_0.user_type,e1_0.username,cl2_0.id,lq1_0.id,lq1_0.annual_leave_quota,lq1_0.medical_leave_quota,lq1_0.name,lq1_0.role,lq1_0.leave_year,m1_0.id,m1_0.name,m1_0.password,m1_0.user_type,m1_0.username,cl3_0.id,cl3_0.employee_id,lq2_0.id,lq2_0.annual_leave_quota,lq2_0.medical_leave_quota,lq2_0.name,lq2_0.role,lq2_0.leave_year,m1_0.manager_id,c1_0.id,c1_0.name,c1_0.password,c1_0.user_type,c1_0.username,cl4_0.id,cl4_0.employee_id,lq3_0.id,lq3_0.annual_leave_quota,lq3_0.medical_leave_quota,lq3_0.name,lq3_0.role,lq3_0.leave_year,c1_0.manager_id,c2_0.id,c2_0.name,c2_0.password,c2_0.user_type,c2_0.username,cl5_0.id,cl5_0.employee_id,lq4_0.id,lq4_0.annual_leave_quota,lq4_0.medical_leave_quota,lq4_0.name,lq4_0.role,lq4_0.leave_year,m4_0.id,m4_0.name,m4_0.password,m4_0.user_type,m4_0.username,cl6_0.id,cl6_0.employee_id,lq5_0.id,lq5_0.annual_leave_quota,lq5_0.medical_leave_quota,lq5_0.name,lq5_0.role,lq5_0.leave_year,m4_0.manager_id,m4_0.ceo_id,cc1_0.end_time,cc1_0.hours,cc1_0.remarks,cc1_0.start_time,cc1_0.status from compensation_claim cc1_0 left join users e1_0 on e1_0.id=cc1_0.employee_id left join compensation_ledger cl2_0 on e1_0.id=cl2_0.employee_id left join leave_quota lq1_0 on lq1_0.id=e1_0.leave_quota_id left join users m1_0 on m1_0.id=e1_0.manager_id left join compensation_ledger cl3_0 on m1_0.id=cl3_0.employee_id left join leave_quota lq2_0 on lq2_0.id=m1_0.leave_quota_id left join users c1_0 on c1_0.id=m1_0.ceo_id left join compensation_ledger cl4_0 on c1_0.id=cl4_0.employee_id left join leave_quota lq3_0 on lq3_0.id=c1_0.leave_quota_id left join users c2_0 on c2_0.id=e1_0.ceo_id left join compensation_ledger cl5_0 on c2_0.id=cl5_0.employee_id left join leave_quota lq4_0 on lq4_0.id=c2_0.leave_quota_id left join users m4_0 on m4_0.id=c2_0.manager_id left join compensation_ledger cl6_0 on m4_0.id=cl6_0.employee_id left join leave_quota lq5_0 on lq5_0.id=m4_0.leave_quota_id where cc1_0.compensation_ledger_id=?
Hibernate: select c1_0.employee_id,c1_0.id,cl1_0.id,e1_0.id,e1_0.user_type,e1_0.name,e1_0.password,e1_0.user_type,e1_0.username,lq1_0.id,lq1_0.annual_leave_quota,lq1_0.medical_leave_quota,lq1_0.name,lq1_0.role,lq1_0.leave_year,m1_0.id,m1_0.name,m1_0.password,m1_0.user_type,m1_0.username,lq2_0.id,lq2_0.annual_leave_quota,lq2_0.medical_leave_quota,lq2_0.name,lq2_0.role,lq2_0.leave_year,m1_0.manager_id,c2_0.id,c2_0.name,c2_0.password,c2_0.user_type,c2_0.username,lq3_0.id,lq3_0.annual_leave_quota,lq3_0.medical_leave_quota,lq3_0.name,lq3_0.role,lq3_0.leave_year,c2_0.manager_id,c3_0.id,c3_0.name,c3_0.password,c3_0.user_type,c3_0.username,lq4_0.id,lq4_0.annual_leave_quota,lq4_0.medical_leave_quota,lq4_0.name,lq4_0.role,lq4_0.leave_year,m4_0.id,m4_0.name,m4_0.password,m4_0.user_type,m4_0.username,lq5_0.id,lq5_0.annual_leave_quota,lq5_0.medical_leave_quota,lq5_0.name,lq5_0.role,lq5_0.leave_year,m4_0.manager_id,m4_0.ceo_id,c1_0.date,c1_0.end_time,c1_0.hours,c1_0.remarks,c1_0.start_time,c1_0.status from compensation_claim c1_0 left join compensation_ledger cl1_0 on cl1_0.id=c1_0.compensation_ledger_id left join users e1_0 on e1_0.id=cl1_0.employee_id left join leave_quota lq1_0 on lq1_0.id=e1_0.leave_quota_id left join users m1_0 on m1_0.id=e1_0.manager_id left join leave_quota lq2_0 on lq2_0.id=m1_0.leave_quota_id left join users c2_0 on c2_0.id=m1_0.ceo_id left join leave_quota lq3_0 on lq3_0.id=c2_0.leave_quota_id left join users c3_0 on c3_0.id=e1_0.ceo_id left join leave_quota lq4_0 on lq4_0.id=c3_0.leave_quota_id left join users m4_0 on m4_0.id=c3_0.manager_id left join leave_quota lq5_0 on lq5_0.id=m4_0.leave_quota_id where c1_0.employee_id=?
Hibernate: select l1_0.employee_id,l1_0.id,l1_0.comment,l1_0.contact,l1_0.duration,l1_0.end_date,l1_0.reason,l1_0.start_date,l1_0.status,l1_0.type,l1_0.work_dissemination from leave l1_0 where l1_0.employee_id=?
Hibernate: select cl1_0.compensation_ledger_id,cl1_1.id,cl1_1.comment,cl1_1.contact,cl1_1.duration,e1_0.id,e1_0.user_type,e1_0.name,e1_0.password,e1_0.user_type,e1_0.username,cl2_0.id,lq1_0.id,lq1_0.annual_leave_quota,lq1_0.medical_leave_quota,lq1_0.name,lq1_0.role,lq1_0.leave_year,m1_0.id,m1_0.name,m1_0.password,m1_0.user_type,m1_0.username,cl3_0.id,cl3_0.employee_id,lq2_0.id,lq2_0.annual_leave_quota,lq2_0.medical_leave_quota,lq2_0.name,lq2_0.role,lq2_0.leave_year,m1_0.manager_id,c1_0.id,c1_0.name,c1_0.password,c1_0.user_type,c1_0.username,cl4_0.id,cl4_0.employee_id,lq3_0.id,lq3_0.annual_leave_quota,lq3_0.medical_leave_quota,lq3_0.name,lq3_0.role,lq3_0.leave_year,c1_0.manager_id,c2_0.id,c2_0.name,c2_0.password,c2_0.user_type,c2_0.username,cl5_0.id,cl5_0.employee_id,lq4_0.id,lq4_0.annual_leave_quota,lq4_0.medical_leave_quota,lq4_0.name,lq4_0.role,lq4_0.leave_year,m4_0.id,m4_0.name,m4_0.password,m4_0.user_type,m4_0.username,cl6_0.id,cl6_0.employee_id,lq5_0.id,lq5_0.annual_leave_quota,lq5_0.medical_leave_quota,lq5_0.name,lq5_0.role,lq5_0.leave_year,m4_0.manager_id,m4_0.ceo_id,cl1_1.end_date,cl1_1.reason,cl1_1.start_date,cl1_1.status,cl1_1.type,cl1_1.work_dissemination from compensation_ledger_compensation_leave cl1_0 join leave cl1_1 on cl1_1.id=cl1_0.compensation_leave_id left join users e1_0 on e1_0.id=cl1_1.employee_id left join compensation_ledger cl2_0 on e1_0.id=cl2_0.employee_id left join leave_quota lq1_0 on lq1_0.id=e1_0.leave_quota_id left join users m1_0 on m1_0.id=e1_0.manager_id left join compensation_ledger cl3_0 on m1_0.id=cl3_0.employee_id left join leave_quota lq2_0 on lq2_0.id=m1_0.leave_quota_id left join users c1_0 on c1_0.id=m1_0.ceo_id left join compensation_ledger cl4_0 on c1_0.id=cl4_0.employee_id left join leave_quota lq3_0 on lq3_0.id=c1_0.leave_quota_id left join users c2_0 on c2_0.id=e1_0.ceo_id left join compensation_ledger cl5_0 on c2_0.id=cl5_0.employee_id left join leave_quota lq4_0 on lq4_0.id=c2_0.leave_quota_id left join users m4_0 on m4_0.id=c2_0.manager_id left join compensation_ledger cl6_0 on m4_0.id=cl6_0.employee_id left join leave_quota lq5_0 on lq5_0.id=m4_0.leave_quota_id where cl1_0.compensation_ledger_id=?
Hibernate: select c1_0.employee_id,c1_0.id,cl1_0.id,e1_0.id,e1_0.user_type,e1_0.name,e1_0.password,e1_0.user_type,e1_0.username,lq1_0.id,lq1_0.annual_leave_quota,lq1_0.medical_leave_quota,lq1_0.name,lq1_0.role,lq1_0.leave_year,m1_0.id,m1_0.name,m1_0.password,m1_0.user_type,m1_0.username,lq2_0.id,lq2_0.annual_leave_quota,lq2_0.medical_leave_quota,lq2_0.name,lq2_0.role,lq2_0.leave_year,m1_0.manager_id,c2_0.id,c2_0.name,c2_0.password,c2_0.user_type,c2_0.username,lq3_0.id,lq3_0.annual_leave_quota,lq3_0.medical_leave_quota,lq3_0.name,lq3_0.role,lq3_0.leave_year,c2_0.manager_id,c3_0.id,c3_0.name,c3_0.password,c3_0.user_type,c3_0.username,lq4_0.id,lq4_0.annual_leave_quota,lq4_0.medical_leave_quota,lq4_0.name,lq4_0.role,lq4_0.leave_year,m4_0.id,m4_0.name,m4_0.password,m4_0.user_type,m4_0.username,lq5_0.id,lq5_0.annual_leave_quota,lq5_0.medical_leave_quota,lq5_0.name,lq5_0.role,lq5_0.leave_year,m4_0.manager_id,m4_0.ceo_id,c1_0.date,c1_0.end_time,c1_0.hours,c1_0.remarks,c1_0.start_time,c1_0.status from compensation_claim c1_0 left join compensation_ledger cl1_0 on cl1_0.id=c1_0.compensation_ledger_id left join users e1_0 on e1_0.id=cl1_0.employee_id left join leave_quota lq1_0 on lq1_0.id=e1_0.leave_quota_id left join users m1_0 on m1_0.id=e1_0.manager_id left join leave_quota lq2_0 on lq2_0.id=m1_0.leave_quota_id left join users c2_0 on c2_0.id=m1_0.ceo_id left join leave_quota lq3_0 on lq3_0.id=c2_0.leave_quota_id left join users c3_0 on c3_0.id=e1_0.ceo_id left join leave_quota lq4_0 on lq4_0.id=c3_0.leave_quota_id left join users m4_0 on m4_0.id=c3_0.manager_id left join leave_quota lq5_0 on lq5_0.id=m4_0.leave_quota_id where c1_0.employee_id=?
Hibernate: update leave set comment=?,contact=?,duration=?,employee_id=?,end_date=?,reason=?,start_date=?,status=?,type=?,work_dissemination=? where id=?
Hibernate: insert into public_holiday (date,name,id) values (?,?,default)
Hibernate: insert into public_holiday (date,name,id) values (?,?,default)
Hibernate: insert into public_holiday (date,name,id) values (?,?,default)
Hibernate: insert into public_holiday (date,name,id) values (?,?,default)
Hibernate: insert into compensation_claim (compensation_ledger_id,date,employee_id,end_time,hours,remarks,start_time,status,id) values (?,?,?,?,?,?,?,?,default)
Hibernate: insert into compensation_claim (compensation_ledger_id,date,employee_id,end_time,hours,remarks,start_time,status,id) values (?,?,?,?,?,?,?,?,default)
Hibernate: insert into compensation_claim (compensation_ledger_id,date,employee_id,end_time,hours,remarks,start_time,status,id) values (?,?,?,?,?,?,?,?,default)
Hibernate: insert into compensation_claim (compensation_ledger_id,date,employee_id,end_time,hours,remarks,start_time,status,id) values (?,?,?,?,?,?,?,?,default)
2024-06-21T22:26:30.311+08:00  INFO 17752 --- [           main] s.n.i.j.i.EmpManLoggingInterceptor       : Intercepting: /compensation/view
]]></system-out>
    <system-err><![CDATA[WARNING: A Java agent has been loaded dynamically (C:\Users\lmy\.m2\repository\net\bytebuddy\byte-buddy-agent\1.14.10\byte-buddy-agent-1.14.10.jar)
WARNING: If a serviceability tool is in use, please run with -XX:+EnableDynamicAgentLoading to hide this warning
WARNING: If a serviceability tool is not in use, please run with -Djdk.instrument.traceUsage for more information
WARNING: Dynamic loading of agents will be disallowed by default in a future release
]]></system-err>
  </testcase>
  <testcase name="testAdminCanAccessAdminPath" classname="sg.nus.iss.java.AccessControlTests" time="0.258">
    <system-out><![CDATA[2024-06-21T22:26:30.339+08:00  INFO 17752 --- [           main] s.n.i.j.i.AdminLoggingInterceptor        : Intercepting: /leaveQuota/view
Hibernate: select lq1_0.id,lq1_0.annual_leave_quota,lq1_0.medical_leave_quota,lq1_0.name,lq1_0.role,lq1_0.leave_year from leave_quota lq1_0
]]></system-out>
  </testcase>
  <testcase name="testUnauthenticatedUserCannotAccessProtectedPath" classname="sg.nus.iss.java.AccessControlTests" time="0.004">
    <system-out><![CDATA[2024-06-21T22:26:30.600+08:00  INFO 17752 --- [           main] s.n.i.j.i.AdminLoggingInterceptor        : Intercepting: /leaveQuota/view
]]></system-out>
  </testcase>
  <testcase name="testEmployeeCannotAccessManagerPath" classname="sg.nus.iss.java.AccessControlTests" time="0.003">
    <error message="Request processing failed: java.lang.ClassCastException: class sg.nus.iss.java.model.User cannot be cast to class sg.nus.iss.java.model.Employee (sg.nus.iss.java.model.User and sg.nus.iss.java.model.Employee are in unnamed module of loader &apos;app&apos;)" type="jakarta.servlet.ServletException"><![CDATA[jakarta.servlet.ServletException: Request processing failed: java.lang.ClassCastException: class sg.nus.iss.java.model.User cannot be cast to class sg.nus.iss.java.model.Employee (sg.nus.iss.java.model.User and sg.nus.iss.java.model.Employee are in unnamed module of loader 'app')
	at org.springframework.web.servlet.FrameworkServlet.processRequest(FrameworkServlet.java:1022)
	at org.springframework.web.servlet.FrameworkServlet.doGet(FrameworkServlet.java:903)
	at jakarta.servlet.http.HttpServlet.service(HttpServlet.java:564)
	at org.springframework.web.servlet.FrameworkServlet.service(FrameworkServlet.java:885)
	at org.springframework.test.web.servlet.TestDispatcherServlet.service(TestDispatcherServlet.java:72)
	at jakarta.servlet.http.HttpServlet.service(HttpServlet.java:658)
	at org.springframework.mock.web.MockFilterChain$ServletFilterProxy.doFilter(MockFilterChain.java:165)
	at org.springframework.mock.web.MockFilterChain.doFilter(MockFilterChain.java:132)
	at org.springframework.web.filter.RequestContextFilter.doFilterInternal(RequestContextFilter.java:100)
	at org.springframework.web.filter.OncePerRequestFilter.doFilter(OncePerRequestFilter.java:116)
	at org.springframework.test.web.servlet.setup.MockMvcFilterDecorator.doFilter(MockMvcFilterDecorator.java:151)
	at org.springframework.mock.web.MockFilterChain.doFilter(MockFilterChain.java:132)
	at org.springframework.web.filter.FormContentFilter.doFilterInternal(FormContentFilter.java:93)
	at org.springframework.web.filter.OncePerRequestFilter.doFilter(OncePerRequestFilter.java:116)
	at org.springframework.test.web.servlet.setup.MockMvcFilterDecorator.doFilter(MockMvcFilterDecorator.java:151)
	at org.springframework.mock.web.MockFilterChain.doFilter(MockFilterChain.java:132)
	at org.springframework.web.filter.CharacterEncodingFilter.doFilterInternal(CharacterEncodingFilter.java:201)
	at org.springframework.web.filter.OncePerRequestFilter.doFilter(OncePerRequestFilter.java:116)
	at org.springframework.test.web.servlet.setup.MockMvcFilterDecorator.doFilter(MockMvcFilterDecorator.java:151)
	at org.springframework.mock.web.MockFilterChain.doFilter(MockFilterChain.java:132)
	at org.springframework.test.web.servlet.MockMvc.perform(MockMvc.java:201)
	at sg.nus.iss.java.AccessControlTests.testEmployeeCannotAccessManagerPath(AccessControlTests.java:64)
	at java.base/java.lang.reflect.Method.invoke(Method.java:580)
	at java.base/java.util.ArrayList.forEach(ArrayList.java:1597)
	at java.base/java.util.ArrayList.forEach(ArrayList.java:1597)
Caused by: java.lang.ClassCastException: class sg.nus.iss.java.model.User cannot be cast to class sg.nus.iss.java.model.Employee (sg.nus.iss.java.model.User and sg.nus.iss.java.model.Employee are in unnamed module of loader 'app')
	at sg.nus.iss.java.controller.CompensationController.viewLeaves(CompensationController.java:58)
	at java.base/jdk.internal.reflect.DirectMethodHandleAccessor.invoke(DirectMethodHandleAccessor.java:103)
	at java.base/java.lang.reflect.Method.invoke(Method.java:580)
	at org.springframework.web.method.support.InvocableHandlerMethod.doInvoke(InvocableHandlerMethod.java:254)
	at org.springframework.web.method.support.InvocableHandlerMethod.invokeForRequest(InvocableHandlerMethod.java:182)
	at org.springframework.web.servlet.mvc.method.annotation.ServletInvocableHandlerMethod.invokeAndHandle(ServletInvocableHandlerMethod.java:118)
	at org.springframework.web.servlet.mvc.method.annotation.RequestMappingHandlerAdapter.invokeHandlerMethod(RequestMappingHandlerAdapter.java:917)
	at org.springframework.web.servlet.mvc.method.annotation.RequestMappingHandlerAdapter.handleInternal(RequestMappingHandlerAdapter.java:829)
	at org.springframework.web.servlet.mvc.method.AbstractHandlerMethodAdapter.handle(AbstractHandlerMethodAdapter.java:87)
	at org.springframework.web.servlet.DispatcherServlet.doDispatch(DispatcherServlet.java:1089)
	at org.springframework.web.servlet.DispatcherServlet.doService(DispatcherServlet.java:979)
	at org.springframework.web.servlet.FrameworkServlet.processRequest(FrameworkServlet.java:1014)
	... 24 more
]]></error>
    <system-out><![CDATA[2024-06-21T22:26:30.604+08:00  INFO 17752 --- [           main] s.n.i.j.i.EmpManLoggingInterceptor       : Intercepting: /compensation/view
]]></system-out>
  </testcase>
  <testcase name="testEmployeeCannotAccessAdminPath" classname="sg.nus.iss.java.AccessControlTests" time="0.003">
    <system-out><![CDATA[2024-06-21T22:26:30.607+08:00  INFO 17752 --- [           main] s.n.i.j.i.AdminLoggingInterceptor        : Intercepting: /leaveQuota/view
]]></system-out>
  </testcase>
</testsuite>